[2022-08-10 22:23:53,085] {taskinstance.py:1032} INFO - Dependencies all met for <TaskInstance: LocalIngestionDag.ingest manual__2022-08-10T22:23:28.107603+00:00 [queued]>
[2022-08-10 22:23:53,121] {taskinstance.py:1032} INFO - Dependencies all met for <TaskInstance: LocalIngestionDag.ingest manual__2022-08-10T22:23:28.107603+00:00 [queued]>
[2022-08-10 22:23:53,123] {taskinstance.py:1238} INFO - 
--------------------------------------------------------------------------------
[2022-08-10 22:23:53,124] {taskinstance.py:1239} INFO - Starting attempt 1 of 1
[2022-08-10 22:23:53,125] {taskinstance.py:1240} INFO - 
--------------------------------------------------------------------------------
[2022-08-10 22:23:53,164] {taskinstance.py:1259} INFO - Executing <Task(BashOperator): ingest> on 2022-08-10 22:23:28.107603+00:00
[2022-08-10 22:23:53,169] {standard_task_runner.py:52} INFO - Started process 1891 to run task
[2022-08-10 22:23:53,176] {standard_task_runner.py:76} INFO - Running: ['***', 'tasks', 'run', 'LocalIngestionDag', 'ingest', 'manual__2022-08-10T22:23:28.107603+00:00', '--job-id', '21', '--raw', '--subdir', 'DAGS_FOLDER/data_ingestion_local.py', '--cfg-path', '/tmp/tmprmluik7c', '--error-file', '/tmp/tmp784fpsab']
[2022-08-10 22:23:53,179] {standard_task_runner.py:77} INFO - Job 21: Subtask ingest
[2022-08-10 22:23:53,310] {logging_mixin.py:109} INFO - Running <TaskInstance: LocalIngestionDag.ingest manual__2022-08-10T22:23:28.107603+00:00 [running]> on host 2e27409292ca
[2022-08-10 22:23:53,472] {taskinstance.py:1426} INFO - Exporting the following env vars:
AIRFLOW_CTX_DAG_OWNER=***
AIRFLOW_CTX_DAG_ID=LocalIngestionDag
AIRFLOW_CTX_TASK_ID=ingest
AIRFLOW_CTX_EXECUTION_DATE=2022-08-10T22:23:28.107603+00:00
AIRFLOW_CTX_DAG_RUN_ID=manual__2022-08-10T22:23:28.107603+00:00
[2022-08-10 22:23:53,477] {subprocess.py:62} INFO - Tmp dir root location: 
 /tmp
[2022-08-10 22:23:53,480] {subprocess.py:74} INFO - Running command: ['bash', '-c', 'ls /opt/***']
[2022-08-10 22:23:53,501] {subprocess.py:85} INFO - Output:
[2022-08-10 22:23:53,582] {subprocess.py:89} INFO - ***.cfg
[2022-08-10 22:23:53,586] {subprocess.py:89} INFO - dags
[2022-08-10 22:23:53,591] {subprocess.py:89} INFO - logs
[2022-08-10 22:23:53,593] {subprocess.py:89} INFO - output.csv
[2022-08-10 22:23:53,596] {subprocess.py:89} INFO - plugins
[2022-08-10 22:23:53,599] {subprocess.py:89} INFO - requirements.txt
[2022-08-10 22:23:53,601] {subprocess.py:89} INFO - webserver_config.py
[2022-08-10 22:23:53,603] {subprocess.py:93} INFO - Command exited with return code 0
[2022-08-10 22:23:53,686] {taskinstance.py:1277} INFO - Marking task as SUCCESS. dag_id=LocalIngestionDag, task_id=ingest, execution_date=20220810T222328, start_date=20220810T222353, end_date=20220810T222353
[2022-08-10 22:23:53,752] {local_task_job.py:154} INFO - Task exited with return code 0
[2022-08-10 22:23:53,830] {local_task_job.py:264} INFO - 0 downstream tasks scheduled from follow-on schedule check
