[2022-08-10 22:02:29,158] {taskinstance.py:1032} INFO - Dependencies all met for <TaskInstance: LocalIngestionDag.wget scheduled__2022-04-02T06:00:00+00:00 [queued]>
[2022-08-10 22:02:29,263] {taskinstance.py:1032} INFO - Dependencies all met for <TaskInstance: LocalIngestionDag.wget scheduled__2022-04-02T06:00:00+00:00 [queued]>
[2022-08-10 22:02:29,267] {taskinstance.py:1238} INFO - 
--------------------------------------------------------------------------------
[2022-08-10 22:02:29,268] {taskinstance.py:1239} INFO - Starting attempt 1 of 1
[2022-08-10 22:02:29,270] {taskinstance.py:1240} INFO - 
--------------------------------------------------------------------------------
[2022-08-10 22:02:29,568] {taskinstance.py:1259} INFO - Executing <Task(BashOperator): wget> on 2022-04-02 06:00:00+00:00
[2022-08-10 22:02:29,592] {standard_task_runner.py:52} INFO - Started process 472 to run task
[2022-08-10 22:02:29,620] {standard_task_runner.py:76} INFO - Running: ['***', 'tasks', 'run', 'LocalIngestionDag', 'wget', 'scheduled__2022-04-02T06:00:00+00:00', '--job-id', '8', '--raw', '--subdir', 'DAGS_FOLDER/data_ingestion_local.py', '--cfg-path', '/tmp/tmp937i82ry', '--error-file', '/tmp/tmpvrg72jtb']
[2022-08-10 22:02:29,624] {standard_task_runner.py:77} INFO - Job 8: Subtask wget
[2022-08-10 22:02:29,919] {logging_mixin.py:109} INFO - Running <TaskInstance: LocalIngestionDag.wget scheduled__2022-04-02T06:00:00+00:00 [running]> on host 2e27409292ca
[2022-08-10 22:02:30,271] {taskinstance.py:1426} INFO - Exporting the following env vars:
AIRFLOW_CTX_DAG_OWNER=***
AIRFLOW_CTX_DAG_ID=LocalIngestionDag
AIRFLOW_CTX_TASK_ID=wget
AIRFLOW_CTX_EXECUTION_DATE=2022-04-02T06:00:00+00:00
AIRFLOW_CTX_DAG_RUN_ID=scheduled__2022-04-02T06:00:00+00:00
[2022-08-10 22:02:30,277] {subprocess.py:62} INFO - Tmp dir root location: 
 /tmp
[2022-08-10 22:02:30,280] {subprocess.py:74} INFO - Running command: ['bash', '-c', 'echo hello world']
[2022-08-10 22:02:30,314] {subprocess.py:85} INFO - Output:
[2022-08-10 22:02:30,402] {subprocess.py:89} INFO - hello world
[2022-08-10 22:02:30,425] {subprocess.py:93} INFO - Command exited with return code 0
[2022-08-10 22:02:30,663] {taskinstance.py:1277} INFO - Marking task as SUCCESS. dag_id=LocalIngestionDag, task_id=wget, execution_date=20220402T060000, start_date=20220810T220229, end_date=20220810T220230
[2022-08-10 22:02:30,999] {local_task_job.py:154} INFO - Task exited with return code 0
[2022-08-10 22:02:31,416] {local_task_job.py:264} INFO - 1 downstream tasks scheduled from follow-on schedule check
