[2022-08-11 18:35:25,968] {taskinstance.py:1032} INFO - Dependencies all met for <TaskInstance: LocalIngestionDag.gzip scheduled__2022-06-02T06:00:00+00:00 [queued]>
[2022-08-11 18:35:26,013] {taskinstance.py:1032} INFO - Dependencies all met for <TaskInstance: LocalIngestionDag.gzip scheduled__2022-06-02T06:00:00+00:00 [queued]>
[2022-08-11 18:35:26,015] {taskinstance.py:1238} INFO - 
--------------------------------------------------------------------------------
[2022-08-11 18:35:26,016] {taskinstance.py:1239} INFO - Starting attempt 1 of 1
[2022-08-11 18:35:26,017] {taskinstance.py:1240} INFO - 
--------------------------------------------------------------------------------
[2022-08-11 18:35:26,058] {taskinstance.py:1259} INFO - Executing <Task(BashOperator): gzip> on 2022-06-02 06:00:00+00:00
[2022-08-11 18:35:26,078] {standard_task_runner.py:52} INFO - Started process 1390 to run task
[2022-08-11 18:35:26,092] {standard_task_runner.py:76} INFO - Running: ['***', 'tasks', 'run', 'LocalIngestionDag', 'gzip', 'scheduled__2022-06-02T06:00:00+00:00', '--job-id', '64', '--raw', '--subdir', 'DAGS_FOLDER/data_ingestion_local.py', '--cfg-path', '/tmp/tmpeul7s3bo', '--error-file', '/tmp/tmphln18j61']
[2022-08-11 18:35:26,095] {standard_task_runner.py:77} INFO - Job 64: Subtask gzip
[2022-08-11 18:35:26,254] {logging_mixin.py:109} INFO - Running <TaskInstance: LocalIngestionDag.gzip scheduled__2022-06-02T06:00:00+00:00 [running]> on host 3b421e1efda7
[2022-08-11 18:35:26,464] {logging_mixin.py:109} WARNING - /home/***/.local/lib/python3.7/site-packages/***/utils/context.py:152 AirflowContextDeprecationWarning: Accessing 'execution_date' from the template is deprecated and will be removed in a future version. Please use 'data_interval_start' or 'logical_date' instead.
[2022-08-11 18:35:26,592] {taskinstance.py:1426} INFO - Exporting the following env vars:
AIRFLOW_CTX_DAG_OWNER=***
AIRFLOW_CTX_DAG_ID=LocalIngestionDag
AIRFLOW_CTX_TASK_ID=gzip
AIRFLOW_CTX_EXECUTION_DATE=2022-06-02T06:00:00+00:00
AIRFLOW_CTX_DAG_RUN_ID=scheduled__2022-06-02T06:00:00+00:00
[2022-08-11 18:35:26,601] {subprocess.py:62} INFO - Tmp dir root location: 
 /tmp
[2022-08-11 18:35:26,606] {subprocess.py:74} INFO - Running command: ['bash', '-c', 'gunzip /opt/***/output_2021-06.csv.gz']
[2022-08-11 18:35:26,637] {subprocess.py:85} INFO - Output:
[2022-08-11 18:35:30,535] {subprocess.py:93} INFO - Command exited with return code 0
[2022-08-11 18:35:30,672] {taskinstance.py:1277} INFO - Marking task as SUCCESS. dag_id=LocalIngestionDag, task_id=gzip, execution_date=20220602T060000, start_date=20220811T183525, end_date=20220811T183530
[2022-08-11 18:35:30,813] {local_task_job.py:154} INFO - Task exited with return code 0
[2022-08-11 18:35:30,965] {local_task_job.py:264} INFO - 1 downstream tasks scheduled from follow-on schedule check
