[2022-08-11 20:17:00,833] {taskinstance.py:1032} INFO - Dependencies all met for <TaskInstance: data_ingestion_gcs_dag.wget scheduled__2022-08-10T00:00:00+00:00 [queued]>
[2022-08-11 20:17:00,876] {taskinstance.py:1032} INFO - Dependencies all met for <TaskInstance: data_ingestion_gcs_dag.wget scheduled__2022-08-10T00:00:00+00:00 [queued]>
[2022-08-11 20:17:00,879] {taskinstance.py:1238} INFO - 
--------------------------------------------------------------------------------
[2022-08-11 20:17:00,880] {taskinstance.py:1239} INFO - Starting attempt 2 of 3
[2022-08-11 20:17:00,882] {taskinstance.py:1240} INFO - 
--------------------------------------------------------------------------------
[2022-08-11 20:17:00,927] {taskinstance.py:1259} INFO - Executing <Task(BashOperator): wget> on 2022-08-10 00:00:00+00:00
[2022-08-11 20:17:00,949] {standard_task_runner.py:52} INFO - Started process 1000 to run task
[2022-08-11 20:17:00,957] {standard_task_runner.py:76} INFO - Running: ['***', 'tasks', 'run', 'data_ingestion_gcs_dag', 'wget', 'scheduled__2022-08-10T00:00:00+00:00', '--job-id', '82', '--raw', '--subdir', 'DAGS_FOLDER/data_ingestion_gpc.py', '--cfg-path', '/tmp/tmpwgly6qwz', '--error-file', '/tmp/tmp79g4rfc9']
[2022-08-11 20:17:00,961] {standard_task_runner.py:77} INFO - Job 82: Subtask wget
[2022-08-11 20:17:01,101] {logging_mixin.py:109} INFO - Running <TaskInstance: data_ingestion_gcs_dag.wget scheduled__2022-08-10T00:00:00+00:00 [running]> on host a96959784c93
[2022-08-11 20:17:01,291] {taskinstance.py:1426} INFO - Exporting the following env vars:
AIRFLOW_CTX_DAG_OWNER=***
AIRFLOW_CTX_DAG_ID=data_ingestion_gcs_dag
AIRFLOW_CTX_TASK_ID=wget
AIRFLOW_CTX_EXECUTION_DATE=2022-08-10T00:00:00+00:00
AIRFLOW_CTX_DAG_RUN_ID=scheduled__2022-08-10T00:00:00+00:00
[2022-08-11 20:17:01,301] {subprocess.py:62} INFO - Tmp dir root location: 
 /tmp
[2022-08-11 20:17:01,322] {subprocess.py:74} INFO - Running command: ['bash', '-c', 'curl -sSL https://github.com/DataTalksClub/nyc-tlc-data/releases/download/yellow/yellow_tripdata_2021-01.csv.gz > /opt/***/yellow_tripdata_2021-01.csv.gz']
[2022-08-11 20:17:01,357] {subprocess.py:85} INFO - Output:
[2022-08-11 20:17:06,913] {subprocess.py:93} INFO - Command exited with return code 0
[2022-08-11 20:17:06,994] {taskinstance.py:1277} INFO - Marking task as SUCCESS. dag_id=data_ingestion_gcs_dag, task_id=wget, execution_date=20220810T000000, start_date=20220811T201700, end_date=20220811T201706
[2022-08-11 20:17:07,107] {local_task_job.py:154} INFO - Task exited with return code 0
[2022-08-11 20:17:07,251] {local_task_job.py:264} INFO - 1 downstream tasks scheduled from follow-on schedule check
