[2022-08-11 20:22:31,151] {taskinstance.py:1032} INFO - Dependencies all met for <TaskInstance: data_ingestion_gcs_dag.wget scheduled__2022-08-10T00:00:00+00:00 [queued]>
[2022-08-11 20:22:31,246] {taskinstance.py:1032} INFO - Dependencies all met for <TaskInstance: data_ingestion_gcs_dag.wget scheduled__2022-08-10T00:00:00+00:00 [queued]>
[2022-08-11 20:22:31,248] {taskinstance.py:1238} INFO - 
--------------------------------------------------------------------------------
[2022-08-11 20:22:31,249] {taskinstance.py:1239} INFO - Starting attempt 3 of 4
[2022-08-11 20:22:31,253] {taskinstance.py:1240} INFO - 
--------------------------------------------------------------------------------
[2022-08-11 20:22:31,335] {taskinstance.py:1259} INFO - Executing <Task(BashOperator): wget> on 2022-08-10 00:00:00+00:00
[2022-08-11 20:22:31,368] {standard_task_runner.py:52} INFO - Started process 1465 to run task
[2022-08-11 20:22:31,389] {standard_task_runner.py:76} INFO - Running: ['***', 'tasks', 'run', 'data_ingestion_gcs_dag', 'wget', 'scheduled__2022-08-10T00:00:00+00:00', '--job-id', '89', '--raw', '--subdir', 'DAGS_FOLDER/data_ingestion_gpc.py', '--cfg-path', '/tmp/tmp1je57z0q', '--error-file', '/tmp/tmpebm2j20j']
[2022-08-11 20:22:31,395] {standard_task_runner.py:77} INFO - Job 89: Subtask wget
[2022-08-11 20:22:31,618] {logging_mixin.py:109} INFO - Running <TaskInstance: data_ingestion_gcs_dag.wget scheduled__2022-08-10T00:00:00+00:00 [running]> on host a96959784c93
[2022-08-11 20:22:31,821] {taskinstance.py:1426} INFO - Exporting the following env vars:
AIRFLOW_CTX_DAG_OWNER=***
AIRFLOW_CTX_DAG_ID=data_ingestion_gcs_dag
AIRFLOW_CTX_TASK_ID=wget
AIRFLOW_CTX_EXECUTION_DATE=2022-08-10T00:00:00+00:00
AIRFLOW_CTX_DAG_RUN_ID=scheduled__2022-08-10T00:00:00+00:00
[2022-08-11 20:22:31,827] {subprocess.py:62} INFO - Tmp dir root location: 
 /tmp
[2022-08-11 20:22:31,830] {subprocess.py:74} INFO - Running command: ['bash', '-c', 'curl -sSL https://github.com/DataTalksClub/nyc-tlc-data/releases/download/yellow/yellow_tripdata_2021-02.csv.gz > /opt/***/yellow_tripdata_2021-02.csv.gz']
[2022-08-11 20:22:31,857] {subprocess.py:85} INFO - Output:
[2022-08-11 20:22:37,516] {subprocess.py:93} INFO - Command exited with return code 0
[2022-08-11 20:22:37,665] {taskinstance.py:1277} INFO - Marking task as SUCCESS. dag_id=data_ingestion_gcs_dag, task_id=wget, execution_date=20220810T000000, start_date=20220811T202231, end_date=20220811T202237
[2022-08-11 20:22:37,775] {local_task_job.py:154} INFO - Task exited with return code 0
[2022-08-11 20:22:37,901] {local_task_job.py:264} INFO - 1 downstream tasks scheduled from follow-on schedule check
