[2022-08-11 21:06:37,385] {taskinstance.py:1032} INFO - Dependencies all met for <TaskInstance: data_ingestion_gcs_dag.wget scheduled__2022-08-10T00:00:00+00:00 [queued]>
[2022-08-11 21:06:37,426] {taskinstance.py:1032} INFO - Dependencies all met for <TaskInstance: data_ingestion_gcs_dag.wget scheduled__2022-08-10T00:00:00+00:00 [queued]>
[2022-08-11 21:06:37,428] {taskinstance.py:1238} INFO - 
--------------------------------------------------------------------------------
[2022-08-11 21:06:37,429] {taskinstance.py:1239} INFO - Starting attempt 5 of 6
[2022-08-11 21:06:37,430] {taskinstance.py:1240} INFO - 
--------------------------------------------------------------------------------
[2022-08-11 21:06:37,478] {taskinstance.py:1259} INFO - Executing <Task(BashOperator): wget> on 2022-08-10 00:00:00+00:00
[2022-08-11 21:06:37,503] {standard_task_runner.py:52} INFO - Started process 619 to run task
[2022-08-11 21:06:37,512] {standard_task_runner.py:76} INFO - Running: ['***', 'tasks', 'run', 'data_ingestion_gcs_dag', 'wget', 'scheduled__2022-08-10T00:00:00+00:00', '--job-id', '106', '--raw', '--subdir', 'DAGS_FOLDER/data_gpc.py', '--cfg-path', '/tmp/tmpnqw4fl_7', '--error-file', '/tmp/tmprijs4m80']
[2022-08-11 21:06:37,515] {standard_task_runner.py:77} INFO - Job 106: Subtask wget
[2022-08-11 21:06:37,655] {logging_mixin.py:109} INFO - Running <TaskInstance: data_ingestion_gcs_dag.wget scheduled__2022-08-10T00:00:00+00:00 [running]> on host 56d1ec0a6f2c
[2022-08-11 21:06:37,817] {taskinstance.py:1426} INFO - Exporting the following env vars:
AIRFLOW_CTX_DAG_OWNER=***
AIRFLOW_CTX_DAG_ID=data_ingestion_gcs_dag
AIRFLOW_CTX_TASK_ID=wget
AIRFLOW_CTX_EXECUTION_DATE=2022-08-10T00:00:00+00:00
AIRFLOW_CTX_DAG_RUN_ID=scheduled__2022-08-10T00:00:00+00:00
[2022-08-11 21:06:37,822] {subprocess.py:62} INFO - Tmp dir root location: 
 /tmp
[2022-08-11 21:06:37,825] {subprocess.py:74} INFO - Running command: ['bash', '-c', 'curl -sSL https://github.com/DataTalksClub/nyc-tlc-data/releases/download/yellow/yellow_tripdata_2021-03.csv.gz > /opt/***/yellow_tripdata_2021-03.csv.gz']
[2022-08-11 21:06:37,842] {subprocess.py:85} INFO - Output:
[2022-08-11 21:06:44,699] {subprocess.py:93} INFO - Command exited with return code 0
[2022-08-11 21:06:44,794] {taskinstance.py:1277} INFO - Marking task as SUCCESS. dag_id=data_ingestion_gcs_dag, task_id=wget, execution_date=20220810T000000, start_date=20220811T210637, end_date=20220811T210644
[2022-08-11 21:06:44,887] {local_task_job.py:154} INFO - Task exited with return code 0
[2022-08-11 21:06:45,023] {local_task_job.py:264} INFO - 0 downstream tasks scheduled from follow-on schedule check
