[2022-08-11 21:17:20,643] {taskinstance.py:1032} INFO - Dependencies all met for <TaskInstance: data_ingestion_gcs_dag.wget scheduled__2022-08-10T00:00:00+00:00 [queued]>
[2022-08-11 21:17:20,686] {taskinstance.py:1032} INFO - Dependencies all met for <TaskInstance: data_ingestion_gcs_dag.wget scheduled__2022-08-10T00:00:00+00:00 [queued]>
[2022-08-11 21:17:20,687] {taskinstance.py:1238} INFO - 
--------------------------------------------------------------------------------
[2022-08-11 21:17:20,688] {taskinstance.py:1239} INFO - Starting attempt 6 of 7
[2022-08-11 21:17:20,690] {taskinstance.py:1240} INFO - 
--------------------------------------------------------------------------------
[2022-08-11 21:17:20,736] {taskinstance.py:1259} INFO - Executing <Task(BashOperator): wget> on 2022-08-10 00:00:00+00:00
[2022-08-11 21:17:20,752] {standard_task_runner.py:52} INFO - Started process 1532 to run task
[2022-08-11 21:17:20,761] {standard_task_runner.py:76} INFO - Running: ['***', 'tasks', 'run', 'data_ingestion_gcs_dag', 'wget', 'scheduled__2022-08-10T00:00:00+00:00', '--job-id', '110', '--raw', '--subdir', 'DAGS_FOLDER/data_gpc.py', '--cfg-path', '/tmp/tmp83v3jqjk', '--error-file', '/tmp/tmp_jb5rtx5']
[2022-08-11 21:17:20,764] {standard_task_runner.py:77} INFO - Job 110: Subtask wget
[2022-08-11 21:17:20,897] {logging_mixin.py:109} INFO - Running <TaskInstance: data_ingestion_gcs_dag.wget scheduled__2022-08-10T00:00:00+00:00 [running]> on host 56d1ec0a6f2c
[2022-08-11 21:17:21,048] {taskinstance.py:1426} INFO - Exporting the following env vars:
AIRFLOW_CTX_DAG_OWNER=***
AIRFLOW_CTX_DAG_ID=data_ingestion_gcs_dag
AIRFLOW_CTX_TASK_ID=wget
AIRFLOW_CTX_EXECUTION_DATE=2022-08-10T00:00:00+00:00
AIRFLOW_CTX_DAG_RUN_ID=scheduled__2022-08-10T00:00:00+00:00
[2022-08-11 21:17:21,053] {subprocess.py:62} INFO - Tmp dir root location: 
 /tmp
[2022-08-11 21:17:21,055] {subprocess.py:74} INFO - Running command: ['bash', '-c', 'curl -sSL https://github.com/DataTalksClub/nyc-tlc-data/releases/download/yellow/yellow_tripdata_2021-03.csv.gz > /opt/***/yellow_tripdata_2021-03.csv.gz']
[2022-08-11 21:17:21,072] {subprocess.py:85} INFO - Output:
[2022-08-11 21:17:27,964] {subprocess.py:93} INFO - Command exited with return code 0
[2022-08-11 21:17:28,080] {taskinstance.py:1277} INFO - Marking task as SUCCESS. dag_id=data_ingestion_gcs_dag, task_id=wget, execution_date=20220810T000000, start_date=20220811T211720, end_date=20220811T211728
[2022-08-11 21:17:28,167] {local_task_job.py:154} INFO - Task exited with return code 0
[2022-08-11 21:17:28,322] {local_task_job.py:264} INFO - 1 downstream tasks scheduled from follow-on schedule check
