[2022-08-11 20:29:26,494] {taskinstance.py:1032} INFO - Dependencies all met for <TaskInstance: data_ingestion_gcs_dag.wget manual__2022-08-11T20:09:33.322468+00:00 [queued]>
[2022-08-11 20:29:26,559] {taskinstance.py:1032} INFO - Dependencies all met for <TaskInstance: data_ingestion_gcs_dag.wget manual__2022-08-11T20:09:33.322468+00:00 [queued]>
[2022-08-11 20:29:26,563] {taskinstance.py:1238} INFO - 
--------------------------------------------------------------------------------
[2022-08-11 20:29:26,566] {taskinstance.py:1239} INFO - Starting attempt 1 of 2
[2022-08-11 20:29:26,569] {taskinstance.py:1240} INFO - 
--------------------------------------------------------------------------------
[2022-08-11 20:29:26,647] {taskinstance.py:1259} INFO - Executing <Task(BashOperator): wget> on 2022-08-11 20:09:33.322468+00:00
[2022-08-11 20:29:26,674] {standard_task_runner.py:52} INFO - Started process 1989 to run task
[2022-08-11 20:29:26,688] {standard_task_runner.py:76} INFO - Running: ['***', 'tasks', 'run', 'data_ingestion_gcs_dag', 'wget', 'manual__2022-08-11T20:09:33.322468+00:00', '--job-id', '95', '--raw', '--subdir', 'DAGS_FOLDER/data_ingestion_gpc.py', '--cfg-path', '/tmp/tmp2ol0a88u', '--error-file', '/tmp/tmprwfm_3ka']
[2022-08-11 20:29:26,692] {standard_task_runner.py:77} INFO - Job 95: Subtask wget
[2022-08-11 20:29:26,981] {logging_mixin.py:109} INFO - Running <TaskInstance: data_ingestion_gcs_dag.wget manual__2022-08-11T20:09:33.322468+00:00 [running]> on host a96959784c93
[2022-08-11 20:29:27,407] {taskinstance.py:1426} INFO - Exporting the following env vars:
AIRFLOW_CTX_DAG_OWNER=***
AIRFLOW_CTX_DAG_ID=data_ingestion_gcs_dag
AIRFLOW_CTX_TASK_ID=wget
AIRFLOW_CTX_EXECUTION_DATE=2022-08-11T20:09:33.322468+00:00
AIRFLOW_CTX_DAG_RUN_ID=manual__2022-08-11T20:09:33.322468+00:00
[2022-08-11 20:29:27,422] {subprocess.py:62} INFO - Tmp dir root location: 
 /tmp
[2022-08-11 20:29:27,432] {subprocess.py:74} INFO - Running command: ['bash', '-c', 'curl -sSL https://github.com/DataTalksClub/nyc-tlc-data/releases/download/yellow/yellow_tripdata_2021-02.csv.gz > /opt/***/yellow_tripdata_2021-02.csv.gz']
[2022-08-11 20:29:27,473] {subprocess.py:85} INFO - Output:
[2022-08-11 20:29:33,833] {subprocess.py:93} INFO - Command exited with return code 0
[2022-08-11 20:29:33,972] {taskinstance.py:1277} INFO - Marking task as SUCCESS. dag_id=data_ingestion_gcs_dag, task_id=wget, execution_date=20220811T200933, start_date=20220811T202926, end_date=20220811T202933
[2022-08-11 20:29:34,110] {local_task_job.py:154} INFO - Task exited with return code 0
[2022-08-11 20:29:34,363] {local_task_job.py:264} INFO - 1 downstream tasks scheduled from follow-on schedule check
