[2022-08-10 22:02:34,519] {taskinstance.py:1032} INFO - Dependencies all met for <TaskInstance: LocalIngestionDag.wget scheduled__2022-07-02T06:00:00+00:00 [queued]>
[2022-08-10 22:02:34,641] {taskinstance.py:1032} INFO - Dependencies all met for <TaskInstance: LocalIngestionDag.wget scheduled__2022-07-02T06:00:00+00:00 [queued]>
[2022-08-10 22:02:34,657] {taskinstance.py:1238} INFO - 
--------------------------------------------------------------------------------
[2022-08-10 22:02:34,663] {taskinstance.py:1239} INFO - Starting attempt 1 of 1
[2022-08-10 22:02:34,666] {taskinstance.py:1240} INFO - 
--------------------------------------------------------------------------------
[2022-08-10 22:02:34,824] {taskinstance.py:1259} INFO - Executing <Task(BashOperator): wget> on 2022-07-02 06:00:00+00:00
[2022-08-10 22:02:34,838] {standard_task_runner.py:52} INFO - Started process 519 to run task
[2022-08-10 22:02:34,873] {standard_task_runner.py:76} INFO - Running: ['***', 'tasks', 'run', 'LocalIngestionDag', 'wget', 'scheduled__2022-07-02T06:00:00+00:00', '--job-id', '15', '--raw', '--subdir', 'DAGS_FOLDER/data_ingestion_local.py', '--cfg-path', '/tmp/tmpes2y5nh6', '--error-file', '/tmp/tmp9_5fwf_f']
[2022-08-10 22:02:34,889] {standard_task_runner.py:77} INFO - Job 15: Subtask wget
[2022-08-10 22:02:35,147] {logging_mixin.py:109} INFO - Running <TaskInstance: LocalIngestionDag.wget scheduled__2022-07-02T06:00:00+00:00 [running]> on host 2e27409292ca
[2022-08-10 22:02:35,661] {taskinstance.py:1426} INFO - Exporting the following env vars:
AIRFLOW_CTX_DAG_OWNER=***
AIRFLOW_CTX_DAG_ID=LocalIngestionDag
AIRFLOW_CTX_TASK_ID=wget
AIRFLOW_CTX_EXECUTION_DATE=2022-07-02T06:00:00+00:00
AIRFLOW_CTX_DAG_RUN_ID=scheduled__2022-07-02T06:00:00+00:00
[2022-08-10 22:02:35,667] {subprocess.py:62} INFO - Tmp dir root location: 
 /tmp
[2022-08-10 22:02:35,670] {subprocess.py:74} INFO - Running command: ['bash', '-c', 'echo hello world']
[2022-08-10 22:02:35,712] {subprocess.py:85} INFO - Output:
[2022-08-10 22:02:35,841] {subprocess.py:89} INFO - hello world
[2022-08-10 22:02:35,851] {subprocess.py:93} INFO - Command exited with return code 0
[2022-08-10 22:02:35,977] {taskinstance.py:1277} INFO - Marking task as SUCCESS. dag_id=LocalIngestionDag, task_id=wget, execution_date=20220702T060000, start_date=20220810T220234, end_date=20220810T220235
[2022-08-10 22:02:36,098] {local_task_job.py:154} INFO - Task exited with return code 0
[2022-08-10 22:02:36,203] {local_task_job.py:264} INFO - 1 downstream tasks scheduled from follow-on schedule check
