[2022-08-11 18:48:04,926] {taskinstance.py:1032} INFO - Dependencies all met for <TaskInstance: LocalIngestionDag.wget scheduled__2022-03-02T06:00:00+00:00 [queued]>
[2022-08-11 18:48:04,963] {taskinstance.py:1032} INFO - Dependencies all met for <TaskInstance: LocalIngestionDag.wget scheduled__2022-03-02T06:00:00+00:00 [queued]>
[2022-08-11 18:48:04,965] {taskinstance.py:1238} INFO - 
--------------------------------------------------------------------------------
[2022-08-11 18:48:04,967] {taskinstance.py:1239} INFO - Starting attempt 2 of 2
[2022-08-11 18:48:04,968] {taskinstance.py:1240} INFO - 
--------------------------------------------------------------------------------
[2022-08-11 18:48:05,006] {taskinstance.py:1259} INFO - Executing <Task(BashOperator): wget> on 2022-03-02 06:00:00+00:00
[2022-08-11 18:48:05,023] {standard_task_runner.py:52} INFO - Started process 2280 to run task
[2022-08-11 18:48:05,031] {standard_task_runner.py:76} INFO - Running: ['***', 'tasks', 'run', 'LocalIngestionDag', 'wget', 'scheduled__2022-03-02T06:00:00+00:00', '--job-id', '66', '--raw', '--subdir', 'DAGS_FOLDER/data_ingestion_local.py', '--cfg-path', '/tmp/tmp54fik7mq', '--error-file', '/tmp/tmppkbm3d0a']
[2022-08-11 18:48:05,034] {standard_task_runner.py:77} INFO - Job 66: Subtask wget
[2022-08-11 18:48:05,157] {logging_mixin.py:109} INFO - Running <TaskInstance: LocalIngestionDag.wget scheduled__2022-03-02T06:00:00+00:00 [running]> on host 3b421e1efda7
[2022-08-11 18:48:05,302] {logging_mixin.py:109} WARNING - /home/***/.local/lib/python3.7/site-packages/***/utils/context.py:152 AirflowContextDeprecationWarning: Accessing 'execution_date' from the template is deprecated and will be removed in a future version. Please use 'data_interval_start' or 'logical_date' instead.
[2022-08-11 18:48:05,343] {taskinstance.py:1426} INFO - Exporting the following env vars:
AIRFLOW_CTX_DAG_OWNER=***
AIRFLOW_CTX_DAG_ID=LocalIngestionDag
AIRFLOW_CTX_TASK_ID=wget
AIRFLOW_CTX_EXECUTION_DATE=2022-03-02T06:00:00+00:00
AIRFLOW_CTX_DAG_RUN_ID=scheduled__2022-03-02T06:00:00+00:00
[2022-08-11 18:48:05,348] {subprocess.py:62} INFO - Tmp dir root location: 
 /tmp
[2022-08-11 18:48:05,350] {subprocess.py:74} INFO - Running command: ['bash', '-c', 'curl -sSL https://github.com/DataTalksClub/nyc-tlc-data/releases/download/yellow/yellow_tripdata_2021-03.csv.gz > /opt/***/output_2021-03.csv.gz']
[2022-08-11 18:48:05,371] {subprocess.py:85} INFO - Output:
[2022-08-11 18:48:24,730] {subprocess.py:93} INFO - Command exited with return code 0
[2022-08-11 18:48:24,899] {taskinstance.py:1277} INFO - Marking task as SUCCESS. dag_id=LocalIngestionDag, task_id=wget, execution_date=20220302T060000, start_date=20220811T184804, end_date=20220811T184824
[2022-08-11 18:48:24,988] {local_task_job.py:154} INFO - Task exited with return code 0
[2022-08-11 18:48:25,105] {local_task_job.py:264} INFO - 1 downstream tasks scheduled from follow-on schedule check
