[2022-08-11 15:54:28,265] {taskinstance.py:1032} INFO - Dependencies all met for <TaskInstance: LocalIngestionDag.gzip scheduled__2022-01-02T06:00:00+00:00 [queued]>
[2022-08-11 15:54:28,305] {taskinstance.py:1032} INFO - Dependencies all met for <TaskInstance: LocalIngestionDag.gzip scheduled__2022-01-02T06:00:00+00:00 [queued]>
[2022-08-11 15:54:28,307] {taskinstance.py:1238} INFO - 
--------------------------------------------------------------------------------
[2022-08-11 15:54:28,308] {taskinstance.py:1239} INFO - Starting attempt 1 of 1
[2022-08-11 15:54:28,309] {taskinstance.py:1240} INFO - 
--------------------------------------------------------------------------------
[2022-08-11 15:54:28,349] {taskinstance.py:1259} INFO - Executing <Task(BashOperator): gzip> on 2022-01-02 06:00:00+00:00
[2022-08-11 15:54:28,355] {standard_task_runner.py:52} INFO - Started process 451 to run task
[2022-08-11 15:54:28,362] {standard_task_runner.py:76} INFO - Running: ['***', 'tasks', 'run', 'LocalIngestionDag', 'gzip', 'scheduled__2022-01-02T06:00:00+00:00', '--job-id', '26', '--raw', '--subdir', 'DAGS_FOLDER/data_ingestion_local.py', '--cfg-path', '/tmp/tmpb6jggd4h', '--error-file', '/tmp/tmpckrmcjes']
[2022-08-11 15:54:28,365] {standard_task_runner.py:77} INFO - Job 26: Subtask gzip
[2022-08-11 15:54:28,493] {logging_mixin.py:109} INFO - Running <TaskInstance: LocalIngestionDag.gzip scheduled__2022-01-02T06:00:00+00:00 [running]> on host cdc85d7e6248
[2022-08-11 15:54:28,703] {taskinstance.py:1426} INFO - Exporting the following env vars:
AIRFLOW_CTX_DAG_OWNER=***
AIRFLOW_CTX_DAG_ID=LocalIngestionDag
AIRFLOW_CTX_TASK_ID=gzip
AIRFLOW_CTX_EXECUTION_DATE=2022-01-02T06:00:00+00:00
AIRFLOW_CTX_DAG_RUN_ID=scheduled__2022-01-02T06:00:00+00:00
[2022-08-11 15:54:28,708] {subprocess.py:62} INFO - Tmp dir root location: 
 /tmp
[2022-08-11 15:54:28,711] {subprocess.py:74} INFO - Running command: ['bash', '-c', 'cd /opt/*** && gunzip output.gz']
[2022-08-11 15:54:28,723] {subprocess.py:85} INFO - Output:
[2022-08-11 15:54:36,432] {subprocess.py:93} INFO - Command exited with return code 0
[2022-08-11 15:54:36,511] {taskinstance.py:1277} INFO - Marking task as SUCCESS. dag_id=LocalIngestionDag, task_id=gzip, execution_date=20220102T060000, start_date=20220811T155428, end_date=20220811T155436
[2022-08-11 15:54:36,570] {local_task_job.py:154} INFO - Task exited with return code 0
[2022-08-11 15:54:36,669] {local_task_job.py:264} INFO - 1 downstream tasks scheduled from follow-on schedule check
