[2022-08-11 16:45:50,795] {taskinstance.py:1032} INFO - Dependencies all met for <TaskInstance: LocalIngestionDag.gzip scheduled__2022-01-02T06:00:00+00:00 [queued]>
[2022-08-11 16:45:50,832] {taskinstance.py:1032} INFO - Dependencies all met for <TaskInstance: LocalIngestionDag.gzip scheduled__2022-01-02T06:00:00+00:00 [queued]>
[2022-08-11 16:45:50,834] {taskinstance.py:1238} INFO - 
--------------------------------------------------------------------------------
[2022-08-11 16:45:50,836] {taskinstance.py:1239} INFO - Starting attempt 3 of 3
[2022-08-11 16:45:50,837] {taskinstance.py:1240} INFO - 
--------------------------------------------------------------------------------
[2022-08-11 16:45:50,876] {taskinstance.py:1259} INFO - Executing <Task(BashOperator): gzip> on 2022-01-02 06:00:00+00:00
[2022-08-11 16:45:50,882] {standard_task_runner.py:52} INFO - Started process 3723 to run task
[2022-08-11 16:45:50,889] {standard_task_runner.py:76} INFO - Running: ['***', 'tasks', 'run', 'LocalIngestionDag', 'gzip', 'scheduled__2022-01-02T06:00:00+00:00', '--job-id', '33', '--raw', '--subdir', 'DAGS_FOLDER/data_ingestion_local.py', '--cfg-path', '/tmp/tmpvkzh4_97', '--error-file', '/tmp/tmpsck0u_lp']
[2022-08-11 16:45:50,892] {standard_task_runner.py:77} INFO - Job 33: Subtask gzip
[2022-08-11 16:45:51,012] {logging_mixin.py:109} INFO - Running <TaskInstance: LocalIngestionDag.gzip scheduled__2022-01-02T06:00:00+00:00 [running]> on host cdc85d7e6248
[2022-08-11 16:45:51,149] {taskinstance.py:1426} INFO - Exporting the following env vars:
AIRFLOW_CTX_DAG_OWNER=***
AIRFLOW_CTX_DAG_ID=LocalIngestionDag
AIRFLOW_CTX_TASK_ID=gzip
AIRFLOW_CTX_EXECUTION_DATE=2022-01-02T06:00:00+00:00
AIRFLOW_CTX_DAG_RUN_ID=scheduled__2022-01-02T06:00:00+00:00
[2022-08-11 16:45:51,153] {subprocess.py:62} INFO - Tmp dir root location: 
 /tmp
[2022-08-11 16:45:51,155] {subprocess.py:74} INFO - Running command: ['bash', '-c', 'cd /opt/*** && gunzip test.gz']
[2022-08-11 16:45:51,166] {subprocess.py:85} INFO - Output:
[2022-08-11 16:45:58,704] {subprocess.py:93} INFO - Command exited with return code 0
[2022-08-11 16:45:58,795] {taskinstance.py:1277} INFO - Marking task as SUCCESS. dag_id=LocalIngestionDag, task_id=gzip, execution_date=20220102T060000, start_date=20220811T164550, end_date=20220811T164558
[2022-08-11 16:45:58,858] {local_task_job.py:154} INFO - Task exited with return code 0
[2022-08-11 16:45:58,955] {local_task_job.py:264} INFO - 1 downstream tasks scheduled from follow-on schedule check
