[2022-08-11 17:23:55,212] {taskinstance.py:1032} INFO - Dependencies all met for <TaskInstance: LocalIngestionDag.gzip scheduled__2022-01-02T06:00:00+00:00 [queued]>
[2022-08-11 17:23:55,252] {taskinstance.py:1032} INFO - Dependencies all met for <TaskInstance: LocalIngestionDag.gzip scheduled__2022-01-02T06:00:00+00:00 [queued]>
[2022-08-11 17:23:55,254] {taskinstance.py:1238} INFO - 
--------------------------------------------------------------------------------
[2022-08-11 17:23:55,255] {taskinstance.py:1239} INFO - Starting attempt 8 of 8
[2022-08-11 17:23:55,256] {taskinstance.py:1240} INFO - 
--------------------------------------------------------------------------------
[2022-08-11 17:23:55,298] {taskinstance.py:1259} INFO - Executing <Task(BashOperator): gzip> on 2022-01-02 06:00:00+00:00
[2022-08-11 17:23:55,304] {standard_task_runner.py:52} INFO - Started process 6335 to run task
[2022-08-11 17:23:55,311] {standard_task_runner.py:76} INFO - Running: ['***', 'tasks', 'run', 'LocalIngestionDag', 'gzip', 'scheduled__2022-01-02T06:00:00+00:00', '--job-id', '54', '--raw', '--subdir', 'DAGS_FOLDER/data_ingestion_local.py', '--cfg-path', '/tmp/tmpsdv3aig4', '--error-file', '/tmp/tmpy2zu2w30']
[2022-08-11 17:23:55,313] {standard_task_runner.py:77} INFO - Job 54: Subtask gzip
[2022-08-11 17:23:55,439] {logging_mixin.py:109} INFO - Running <TaskInstance: LocalIngestionDag.gzip scheduled__2022-01-02T06:00:00+00:00 [running]> on host cdc85d7e6248
[2022-08-11 17:23:55,636] {logging_mixin.py:109} WARNING - /home/***/.local/lib/python3.7/site-packages/***/utils/context.py:152 AirflowContextDeprecationWarning: Accessing 'execution_date' from the template is deprecated and will be removed in a future version. Please use 'data_interval_start' or 'logical_date' instead.
[2022-08-11 17:23:55,681] {taskinstance.py:1426} INFO - Exporting the following env vars:
AIRFLOW_CTX_DAG_OWNER=***
AIRFLOW_CTX_DAG_ID=LocalIngestionDag
AIRFLOW_CTX_TASK_ID=gzip
AIRFLOW_CTX_EXECUTION_DATE=2022-01-02T06:00:00+00:00
AIRFLOW_CTX_DAG_RUN_ID=scheduled__2022-01-02T06:00:00+00:00
[2022-08-11 17:23:55,686] {subprocess.py:62} INFO - Tmp dir root location: 
 /tmp
[2022-08-11 17:23:55,689] {subprocess.py:74} INFO - Running command: ['bash', '-c', 'gunzip /opt/***/output_2021-01.csv.gz']
[2022-08-11 17:23:55,707] {subprocess.py:85} INFO - Output:
[2022-08-11 17:23:57,449] {subprocess.py:93} INFO - Command exited with return code 0
[2022-08-11 17:23:57,591] {taskinstance.py:1277} INFO - Marking task as SUCCESS. dag_id=LocalIngestionDag, task_id=gzip, execution_date=20220102T060000, start_date=20220811T172355, end_date=20220811T172357
[2022-08-11 17:23:57,712] {local_task_job.py:154} INFO - Task exited with return code 0
[2022-08-11 17:23:57,829] {local_task_job.py:264} INFO - 1 downstream tasks scheduled from follow-on schedule check
