[2022-08-11 18:31:49,135] {taskinstance.py:1032} INFO - Dependencies all met for <TaskInstance: LocalIngestionDag.gzip scheduled__2022-01-02T06:00:00+00:00 [queued]>
[2022-08-11 18:31:49,191] {taskinstance.py:1032} INFO - Dependencies all met for <TaskInstance: LocalIngestionDag.gzip scheduled__2022-01-02T06:00:00+00:00 [queued]>
[2022-08-11 18:31:49,194] {taskinstance.py:1238} INFO - 
--------------------------------------------------------------------------------
[2022-08-11 18:31:49,196] {taskinstance.py:1239} INFO - Starting attempt 9 of 9
[2022-08-11 18:31:49,198] {taskinstance.py:1240} INFO - 
--------------------------------------------------------------------------------
[2022-08-11 18:31:49,243] {taskinstance.py:1259} INFO - Executing <Task(BashOperator): gzip> on 2022-01-02 06:00:00+00:00
[2022-08-11 18:31:49,258] {standard_task_runner.py:52} INFO - Started process 1076 to run task
[2022-08-11 18:31:49,271] {standard_task_runner.py:76} INFO - Running: ['***', 'tasks', 'run', 'LocalIngestionDag', 'gzip', 'scheduled__2022-01-02T06:00:00+00:00', '--job-id', '59', '--raw', '--subdir', 'DAGS_FOLDER/data_ingestion_local.py', '--cfg-path', '/tmp/tmp7d4kcph1', '--error-file', '/tmp/tmpy0k1dbxd']
[2022-08-11 18:31:49,275] {standard_task_runner.py:77} INFO - Job 59: Subtask gzip
[2022-08-11 18:31:49,409] {logging_mixin.py:109} INFO - Running <TaskInstance: LocalIngestionDag.gzip scheduled__2022-01-02T06:00:00+00:00 [running]> on host 3b421e1efda7
[2022-08-11 18:31:49,569] {logging_mixin.py:109} WARNING - /home/***/.local/lib/python3.7/site-packages/***/utils/context.py:152 AirflowContextDeprecationWarning: Accessing 'execution_date' from the template is deprecated and will be removed in a future version. Please use 'data_interval_start' or 'logical_date' instead.
[2022-08-11 18:31:49,615] {taskinstance.py:1426} INFO - Exporting the following env vars:
AIRFLOW_CTX_DAG_OWNER=***
AIRFLOW_CTX_DAG_ID=LocalIngestionDag
AIRFLOW_CTX_TASK_ID=gzip
AIRFLOW_CTX_EXECUTION_DATE=2022-01-02T06:00:00+00:00
AIRFLOW_CTX_DAG_RUN_ID=scheduled__2022-01-02T06:00:00+00:00
[2022-08-11 18:31:49,620] {subprocess.py:62} INFO - Tmp dir root location: 
 /tmp
[2022-08-11 18:31:49,623] {subprocess.py:74} INFO - Running command: ['bash', '-c', 'gunzip /opt/***/output_2021-01.csv.gz']
[2022-08-11 18:31:49,639] {subprocess.py:85} INFO - Output:
[2022-08-11 18:31:51,591] {subprocess.py:93} INFO - Command exited with return code 0
[2022-08-11 18:31:51,696] {taskinstance.py:1277} INFO - Marking task as SUCCESS. dag_id=LocalIngestionDag, task_id=gzip, execution_date=20220102T060000, start_date=20220811T183149, end_date=20220811T183151
[2022-08-11 18:31:51,789] {local_task_job.py:154} INFO - Task exited with return code 0
[2022-08-11 18:31:51,912] {local_task_job.py:264} INFO - 1 downstream tasks scheduled from follow-on schedule check
