[2022-08-10 22:25:20,681] {taskinstance.py:1032} INFO - Dependencies all met for <TaskInstance: LocalIngestionDag.ingest scheduled__2022-01-02T06:00:00+00:00 [queued]>
[2022-08-10 22:25:20,724] {taskinstance.py:1032} INFO - Dependencies all met for <TaskInstance: LocalIngestionDag.ingest scheduled__2022-01-02T06:00:00+00:00 [queued]>
[2022-08-10 22:25:20,725] {taskinstance.py:1238} INFO - 
--------------------------------------------------------------------------------
[2022-08-10 22:25:20,726] {taskinstance.py:1239} INFO - Starting attempt 2 of 2
[2022-08-10 22:25:20,728] {taskinstance.py:1240} INFO - 
--------------------------------------------------------------------------------
[2022-08-10 22:25:20,769] {taskinstance.py:1259} INFO - Executing <Task(BashOperator): ingest> on 2022-01-02 06:00:00+00:00
[2022-08-10 22:25:20,774] {standard_task_runner.py:52} INFO - Started process 2003 to run task
[2022-08-10 22:25:20,781] {standard_task_runner.py:76} INFO - Running: ['***', 'tasks', 'run', 'LocalIngestionDag', 'ingest', 'scheduled__2022-01-02T06:00:00+00:00', '--job-id', '23', '--raw', '--subdir', 'DAGS_FOLDER/data_ingestion_local.py', '--cfg-path', '/tmp/tmpx21wwn67', '--error-file', '/tmp/tmpccrkxaq0']
[2022-08-10 22:25:20,784] {standard_task_runner.py:77} INFO - Job 23: Subtask ingest
[2022-08-10 22:25:20,909] {logging_mixin.py:109} INFO - Running <TaskInstance: LocalIngestionDag.ingest scheduled__2022-01-02T06:00:00+00:00 [running]> on host 2e27409292ca
[2022-08-10 22:25:21,067] {taskinstance.py:1426} INFO - Exporting the following env vars:
AIRFLOW_CTX_DAG_OWNER=***
AIRFLOW_CTX_DAG_ID=LocalIngestionDag
AIRFLOW_CTX_TASK_ID=ingest
AIRFLOW_CTX_EXECUTION_DATE=2022-01-02T06:00:00+00:00
AIRFLOW_CTX_DAG_RUN_ID=scheduled__2022-01-02T06:00:00+00:00
[2022-08-10 22:25:21,071] {subprocess.py:62} INFO - Tmp dir root location: 
 /tmp
[2022-08-10 22:25:21,074] {subprocess.py:74} INFO - Running command: ['bash', '-c', 'ls /opt/***']
[2022-08-10 22:25:21,085] {subprocess.py:85} INFO - Output:
[2022-08-10 22:25:21,161] {subprocess.py:89} INFO - ***.cfg
[2022-08-10 22:25:21,163] {subprocess.py:89} INFO - dags
[2022-08-10 22:25:21,164] {subprocess.py:89} INFO - logs
[2022-08-10 22:25:21,166] {subprocess.py:89} INFO - output.csv
[2022-08-10 22:25:21,167] {subprocess.py:89} INFO - plugins
[2022-08-10 22:25:21,174] {subprocess.py:89} INFO - requirements.txt
[2022-08-10 22:25:21,175] {subprocess.py:89} INFO - webserver_config.py
[2022-08-10 22:25:21,177] {subprocess.py:93} INFO - Command exited with return code 0
[2022-08-10 22:25:21,233] {taskinstance.py:1277} INFO - Marking task as SUCCESS. dag_id=LocalIngestionDag, task_id=ingest, execution_date=20220102T060000, start_date=20220810T222520, end_date=20220810T222521
[2022-08-10 22:25:21,320] {local_task_job.py:154} INFO - Task exited with return code 0
[2022-08-10 22:25:21,395] {local_task_job.py:264} INFO - 0 downstream tasks scheduled from follow-on schedule check
