[2022-08-11 20:19:16,957] {taskinstance.py:1032} INFO - Dependencies all met for <TaskInstance: data_ingestion_gcs_dag.format_to_parquet_task scheduled__2022-08-10T00:00:00+00:00 [queued]>
[2022-08-11 20:19:16,998] {taskinstance.py:1032} INFO - Dependencies all met for <TaskInstance: data_ingestion_gcs_dag.format_to_parquet_task scheduled__2022-08-10T00:00:00+00:00 [queued]>
[2022-08-11 20:19:17,000] {taskinstance.py:1238} INFO - 
--------------------------------------------------------------------------------
[2022-08-11 20:19:17,003] {taskinstance.py:1239} INFO - Starting attempt 2 of 3
[2022-08-11 20:19:17,004] {taskinstance.py:1240} INFO - 
--------------------------------------------------------------------------------
[2022-08-11 20:19:17,047] {taskinstance.py:1259} INFO - Executing <Task(PythonOperator): format_to_parquet_task> on 2022-08-10 00:00:00+00:00
[2022-08-11 20:19:17,066] {standard_task_runner.py:52} INFO - Started process 1191 to run task
[2022-08-11 20:19:17,074] {standard_task_runner.py:76} INFO - Running: ['***', 'tasks', 'run', 'data_ingestion_gcs_dag', 'format_to_parquet_task', 'scheduled__2022-08-10T00:00:00+00:00', '--job-id', '84', '--raw', '--subdir', 'DAGS_FOLDER/data_ingestion_gpc.py', '--cfg-path', '/tmp/tmpaxkmi99o', '--error-file', '/tmp/tmp7spq36an']
[2022-08-11 20:19:17,077] {standard_task_runner.py:77} INFO - Job 84: Subtask format_to_parquet_task
[2022-08-11 20:19:17,209] {logging_mixin.py:109} INFO - Running <TaskInstance: data_ingestion_gcs_dag.format_to_parquet_task scheduled__2022-08-10T00:00:00+00:00 [running]> on host a96959784c93
[2022-08-11 20:19:17,365] {taskinstance.py:1426} INFO - Exporting the following env vars:
AIRFLOW_CTX_DAG_OWNER=***
AIRFLOW_CTX_DAG_ID=data_ingestion_gcs_dag
AIRFLOW_CTX_TASK_ID=format_to_parquet_task
AIRFLOW_CTX_EXECUTION_DATE=2022-08-10T00:00:00+00:00
AIRFLOW_CTX_DAG_RUN_ID=scheduled__2022-08-10T00:00:00+00:00
[2022-08-11 20:19:23,644] {logging_mixin.py:109} INFO - pyarrow.Table
VendorID: int64
tpep_pickup_datetime: timestamp[s]
tpep_dropoff_datetime: timestamp[s]
passenger_count: int64
trip_distance: double
RatecodeID: int64
store_and_fwd_flag: string
PULocationID: int64
DOLocationID: int64
payment_type: int64
fare_amount: double
extra: double
mta_tax: double
tip_amount: double
tolls_amount: double
improvement_surcharge: double
total_amount: double
congestion_surcharge: double /opt/***/yellow_tripdata_2021-01.csv
[2022-08-11 20:19:23,666] {python.py:175} INFO - Done. Returned value was: None
[2022-08-11 20:19:23,719] {taskinstance.py:1277} INFO - Marking task as SUCCESS. dag_id=data_ingestion_gcs_dag, task_id=format_to_parquet_task, execution_date=20220810T000000, start_date=20220811T201916, end_date=20220811T201923
[2022-08-11 20:19:24,076] {local_task_job.py:154} INFO - Task exited with return code 0
[2022-08-11 20:19:24,307] {local_task_job.py:264} INFO - 1 downstream tasks scheduled from follow-on schedule check
