[2022-08-11 20:22:50,312] {taskinstance.py:1032} INFO - Dependencies all met for <TaskInstance: data_ingestion_gcs_dag.format_to_parquet_task scheduled__2022-08-10T00:00:00+00:00 [queued]>
[2022-08-11 20:22:50,350] {taskinstance.py:1032} INFO - Dependencies all met for <TaskInstance: data_ingestion_gcs_dag.format_to_parquet_task scheduled__2022-08-10T00:00:00+00:00 [queued]>
[2022-08-11 20:22:50,352] {taskinstance.py:1238} INFO - 
--------------------------------------------------------------------------------
[2022-08-11 20:22:50,353] {taskinstance.py:1239} INFO - Starting attempt 4 of 5
[2022-08-11 20:22:50,354] {taskinstance.py:1240} INFO - 
--------------------------------------------------------------------------------
[2022-08-11 20:22:50,399] {taskinstance.py:1259} INFO - Executing <Task(PythonOperator): format_to_parquet_task> on 2022-08-10 00:00:00+00:00
[2022-08-11 20:22:50,415] {standard_task_runner.py:52} INFO - Started process 1500 to run task
[2022-08-11 20:22:50,426] {standard_task_runner.py:76} INFO - Running: ['***', 'tasks', 'run', 'data_ingestion_gcs_dag', 'format_to_parquet_task', 'scheduled__2022-08-10T00:00:00+00:00', '--job-id', '91', '--raw', '--subdir', 'DAGS_FOLDER/data_ingestion_gpc.py', '--cfg-path', '/tmp/tmp_7gtv968', '--error-file', '/tmp/tmpavegz9ja']
[2022-08-11 20:22:50,430] {standard_task_runner.py:77} INFO - Job 91: Subtask format_to_parquet_task
[2022-08-11 20:22:50,569] {logging_mixin.py:109} INFO - Running <TaskInstance: data_ingestion_gcs_dag.format_to_parquet_task scheduled__2022-08-10T00:00:00+00:00 [running]> on host a96959784c93
[2022-08-11 20:22:50,733] {taskinstance.py:1426} INFO - Exporting the following env vars:
AIRFLOW_CTX_DAG_OWNER=***
AIRFLOW_CTX_DAG_ID=data_ingestion_gcs_dag
AIRFLOW_CTX_TASK_ID=format_to_parquet_task
AIRFLOW_CTX_EXECUTION_DATE=2022-08-10T00:00:00+00:00
AIRFLOW_CTX_DAG_RUN_ID=scheduled__2022-08-10T00:00:00+00:00
[2022-08-11 20:22:57,022] {logging_mixin.py:109} INFO - pyarrow.Table
VendorID: int64
tpep_pickup_datetime: timestamp[s]
tpep_dropoff_datetime: timestamp[s]
passenger_count: int64
trip_distance: double
RatecodeID: int64
store_and_fwd_flag: string
PULocationID: int64
DOLocationID: int64
payment_type: int64
fare_amount: double
extra: double
mta_tax: double
tip_amount: double
tolls_amount: double
improvement_surcharge: double
total_amount: double
congestion_surcharge: double /opt/***/yellow_tripdata_2021-02.csv
[2022-08-11 20:22:57,048] {python.py:175} INFO - Done. Returned value was: None
[2022-08-11 20:22:57,143] {taskinstance.py:1277} INFO - Marking task as SUCCESS. dag_id=data_ingestion_gcs_dag, task_id=format_to_parquet_task, execution_date=20220810T000000, start_date=20220811T202250, end_date=20220811T202257
[2022-08-11 20:22:57,573] {local_task_job.py:154} INFO - Task exited with return code 0
[2022-08-11 20:22:57,836] {local_task_job.py:264} INFO - 0 downstream tasks scheduled from follow-on schedule check
