[2022-08-11 20:35:10,598] {taskinstance.py:1032} INFO - Dependencies all met for <TaskInstance: data_ingestion_gcs_dag.format_to_parquet_task scheduled__2022-08-10T00:00:00+00:00 [queued]>
[2022-08-11 20:35:10,656] {taskinstance.py:1032} INFO - Dependencies all met for <TaskInstance: data_ingestion_gcs_dag.format_to_parquet_task scheduled__2022-08-10T00:00:00+00:00 [queued]>
[2022-08-11 20:35:10,658] {taskinstance.py:1238} INFO - 
--------------------------------------------------------------------------------
[2022-08-11 20:35:10,661] {taskinstance.py:1239} INFO - Starting attempt 5 of 6
[2022-08-11 20:35:10,663] {taskinstance.py:1240} INFO - 
--------------------------------------------------------------------------------
[2022-08-11 20:35:10,715] {taskinstance.py:1259} INFO - Executing <Task(PythonOperator): format_to_parquet_task> on 2022-08-10 00:00:00+00:00
[2022-08-11 20:35:10,742] {standard_task_runner.py:52} INFO - Started process 2472 to run task
[2022-08-11 20:35:10,753] {standard_task_runner.py:76} INFO - Running: ['***', 'tasks', 'run', 'data_ingestion_gcs_dag', 'format_to_parquet_task', 'scheduled__2022-08-10T00:00:00+00:00', '--job-id', '100', '--raw', '--subdir', 'DAGS_FOLDER/data_ingestion_gpc.py', '--cfg-path', '/tmp/tmpph8frh1g', '--error-file', '/tmp/tmpnfbotlj9']
[2022-08-11 20:35:10,757] {standard_task_runner.py:77} INFO - Job 100: Subtask format_to_parquet_task
[2022-08-11 20:35:10,958] {logging_mixin.py:109} INFO - Running <TaskInstance: data_ingestion_gcs_dag.format_to_parquet_task scheduled__2022-08-10T00:00:00+00:00 [running]> on host a96959784c93
[2022-08-11 20:35:11,186] {taskinstance.py:1426} INFO - Exporting the following env vars:
AIRFLOW_CTX_DAG_OWNER=***
AIRFLOW_CTX_DAG_ID=data_ingestion_gcs_dag
AIRFLOW_CTX_TASK_ID=format_to_parquet_task
AIRFLOW_CTX_EXECUTION_DATE=2022-08-10T00:00:00+00:00
AIRFLOW_CTX_DAG_RUN_ID=scheduled__2022-08-10T00:00:00+00:00
[2022-08-11 20:35:21,487] {logging_mixin.py:109} INFO - -------------------------> pyarrow.Table
VendorID: int64
tpep_pickup_datetime: timestamp[s]
tpep_dropoff_datetime: timestamp[s]
passenger_count: int64
trip_distance: double
RatecodeID: int64
store_and_fwd_flag: string
PULocationID: int64
DOLocationID: int64
payment_type: int64
fare_amount: double
extra: double
mta_tax: double
tip_amount: double
tolls_amount: double
improvement_surcharge: double
total_amount: double
congestion_surcharge: double /opt/***/yellow_tripdata_2021-03.csv
[2022-08-11 20:35:21,533] {python.py:175} INFO - Done. Returned value was: None
[2022-08-11 20:35:21,599] {taskinstance.py:1277} INFO - Marking task as SUCCESS. dag_id=data_ingestion_gcs_dag, task_id=format_to_parquet_task, execution_date=20220810T000000, start_date=20220811T203510, end_date=20220811T203521
[2022-08-11 20:35:23,076] {local_task_job.py:154} INFO - Task exited with return code 0
[2022-08-11 20:35:23,483] {local_task_job.py:264} INFO - 0 downstream tasks scheduled from follow-on schedule check
