[2022-08-11 21:18:18,377] {taskinstance.py:1032} INFO - Dependencies all met for <TaskInstance: data_ingestion_gcs_dag.format_to_parquet_task scheduled__2022-08-10T00:00:00+00:00 [queued]>
[2022-08-11 21:18:18,429] {taskinstance.py:1032} INFO - Dependencies all met for <TaskInstance: data_ingestion_gcs_dag.format_to_parquet_task scheduled__2022-08-10T00:00:00+00:00 [queued]>
[2022-08-11 21:18:18,431] {taskinstance.py:1238} INFO - 
--------------------------------------------------------------------------------
[2022-08-11 21:18:18,434] {taskinstance.py:1239} INFO - Starting attempt 9 of 10
[2022-08-11 21:18:18,436] {taskinstance.py:1240} INFO - 
--------------------------------------------------------------------------------
[2022-08-11 21:18:18,488] {taskinstance.py:1259} INFO - Executing <Task(PythonOperator): format_to_parquet_task> on 2022-08-10 00:00:00+00:00
[2022-08-11 21:18:18,509] {standard_task_runner.py:52} INFO - Started process 1640 to run task
[2022-08-11 21:18:18,519] {standard_task_runner.py:76} INFO - Running: ['***', 'tasks', 'run', 'data_ingestion_gcs_dag', 'format_to_parquet_task', 'scheduled__2022-08-10T00:00:00+00:00', '--job-id', '112', '--raw', '--subdir', 'DAGS_FOLDER/data_gpc.py', '--cfg-path', '/tmp/tmpo90ebl4u', '--error-file', '/tmp/tmpczr2_i0z']
[2022-08-11 21:18:18,522] {standard_task_runner.py:77} INFO - Job 112: Subtask format_to_parquet_task
[2022-08-11 21:18:18,671] {logging_mixin.py:109} INFO - Running <TaskInstance: data_ingestion_gcs_dag.format_to_parquet_task scheduled__2022-08-10T00:00:00+00:00 [running]> on host 56d1ec0a6f2c
[2022-08-11 21:18:18,845] {taskinstance.py:1426} INFO - Exporting the following env vars:
AIRFLOW_CTX_DAG_OWNER=***
AIRFLOW_CTX_DAG_ID=data_ingestion_gcs_dag
AIRFLOW_CTX_TASK_ID=format_to_parquet_task
AIRFLOW_CTX_EXECUTION_DATE=2022-08-10T00:00:00+00:00
AIRFLOW_CTX_DAG_RUN_ID=scheduled__2022-08-10T00:00:00+00:00
[2022-08-11 21:18:27,132] {python.py:175} INFO - Done. Returned value was: None
[2022-08-11 21:18:27,207] {taskinstance.py:1277} INFO - Marking task as SUCCESS. dag_id=data_ingestion_gcs_dag, task_id=format_to_parquet_task, execution_date=20220810T000000, start_date=20220811T211818, end_date=20220811T211827
[2022-08-11 21:18:27,841] {local_task_job.py:154} INFO - Task exited with return code 0
[2022-08-11 21:18:28,106] {local_task_job.py:264} INFO - 0 downstream tasks scheduled from follow-on schedule check
