[2022-08-11 20:10:11,228] {taskinstance.py:1032} INFO - Dependencies all met for <TaskInstance: data_ingestion_gcs_dag.local_to_gcs_task scheduled__2022-08-10T00:00:00+00:00 [queued]>
[2022-08-11 20:10:11,266] {taskinstance.py:1032} INFO - Dependencies all met for <TaskInstance: data_ingestion_gcs_dag.local_to_gcs_task scheduled__2022-08-10T00:00:00+00:00 [queued]>
[2022-08-11 20:10:11,268] {taskinstance.py:1238} INFO - 
--------------------------------------------------------------------------------
[2022-08-11 20:10:11,270] {taskinstance.py:1239} INFO - Starting attempt 1 of 2
[2022-08-11 20:10:11,271] {taskinstance.py:1240} INFO - 
--------------------------------------------------------------------------------
[2022-08-11 20:10:11,312] {taskinstance.py:1259} INFO - Executing <Task(PythonOperator): local_to_gcs_task> on 2022-08-10 00:00:00+00:00
[2022-08-11 20:10:11,328] {standard_task_runner.py:52} INFO - Started process 510 to run task
[2022-08-11 20:10:11,340] {standard_task_runner.py:76} INFO - Running: ['***', 'tasks', 'run', 'data_ingestion_gcs_dag', 'local_to_gcs_task', 'scheduled__2022-08-10T00:00:00+00:00', '--job-id', '78', '--raw', '--subdir', 'DAGS_FOLDER/data_ingestion_gpc.py', '--cfg-path', '/tmp/tmp0l_xdxbu', '--error-file', '/tmp/tmphysgmgrf']
[2022-08-11 20:10:11,343] {standard_task_runner.py:77} INFO - Job 78: Subtask local_to_gcs_task
[2022-08-11 20:10:11,487] {logging_mixin.py:109} INFO - Running <TaskInstance: data_ingestion_gcs_dag.local_to_gcs_task scheduled__2022-08-10T00:00:00+00:00 [running]> on host a96959784c93
[2022-08-11 20:10:11,661] {taskinstance.py:1426} INFO - Exporting the following env vars:
AIRFLOW_CTX_DAG_OWNER=***
AIRFLOW_CTX_DAG_ID=data_ingestion_gcs_dag
AIRFLOW_CTX_TASK_ID=local_to_gcs_task
AIRFLOW_CTX_EXECUTION_DATE=2022-08-10T00:00:00+00:00
AIRFLOW_CTX_DAG_RUN_ID=scheduled__2022-08-10T00:00:00+00:00
[2022-08-11 20:11:06,348] {python.py:175} INFO - Done. Returned value was: None
[2022-08-11 20:11:06,431] {taskinstance.py:1277} INFO - Marking task as SUCCESS. dag_id=data_ingestion_gcs_dag, task_id=local_to_gcs_task, execution_date=20220810T000000, start_date=20220811T201011, end_date=20220811T201106
[2022-08-11 20:11:06,536] {local_task_job.py:154} INFO - Task exited with return code 0
[2022-08-11 20:11:06,648] {local_task_job.py:264} INFO - 1 downstream tasks scheduled from follow-on schedule check
