[2022-08-11 20:35:30,424] {taskinstance.py:1032} INFO - Dependencies all met for <TaskInstance: data_ingestion_gcs_dag.local_to_gcs_task scheduled__2022-08-10T00:00:00+00:00 [queued]>
[2022-08-11 20:35:30,535] {taskinstance.py:1032} INFO - Dependencies all met for <TaskInstance: data_ingestion_gcs_dag.local_to_gcs_task scheduled__2022-08-10T00:00:00+00:00 [queued]>
[2022-08-11 20:35:30,540] {taskinstance.py:1238} INFO - 
--------------------------------------------------------------------------------
[2022-08-11 20:35:30,545] {taskinstance.py:1239} INFO - Starting attempt 5 of 6
[2022-08-11 20:35:30,548] {taskinstance.py:1240} INFO - 
--------------------------------------------------------------------------------
[2022-08-11 20:35:30,629] {taskinstance.py:1259} INFO - Executing <Task(PythonOperator): local_to_gcs_task> on 2022-08-10 00:00:00+00:00
[2022-08-11 20:35:30,691] {standard_task_runner.py:52} INFO - Started process 2505 to run task
[2022-08-11 20:35:30,731] {standard_task_runner.py:76} INFO - Running: ['***', 'tasks', 'run', 'data_ingestion_gcs_dag', 'local_to_gcs_task', 'scheduled__2022-08-10T00:00:00+00:00', '--job-id', '101', '--raw', '--subdir', 'DAGS_FOLDER/data_ingestion_gpc.py', '--cfg-path', '/tmp/tmpgppa13gi', '--error-file', '/tmp/tmpo7ghi0ss']
[2022-08-11 20:35:30,737] {standard_task_runner.py:77} INFO - Job 101: Subtask local_to_gcs_task
[2022-08-11 20:35:31,214] {logging_mixin.py:109} INFO - Running <TaskInstance: data_ingestion_gcs_dag.local_to_gcs_task scheduled__2022-08-10T00:00:00+00:00 [running]> on host a96959784c93
[2022-08-11 20:35:31,694] {taskinstance.py:1426} INFO - Exporting the following env vars:
AIRFLOW_CTX_DAG_OWNER=***
AIRFLOW_CTX_DAG_ID=data_ingestion_gcs_dag
AIRFLOW_CTX_TASK_ID=local_to_gcs_task
AIRFLOW_CTX_EXECUTION_DATE=2022-08-10T00:00:00+00:00
AIRFLOW_CTX_DAG_RUN_ID=scheduled__2022-08-10T00:00:00+00:00
[2022-08-11 20:35:31,708] {logging_mixin.py:109} INFO - -----------------------------> /opt/***/yellow_tripdata_2021-03.csv
[2022-08-11 20:37:01,167] {python.py:175} INFO - Done. Returned value was: None
[2022-08-11 20:37:01,279] {taskinstance.py:1277} INFO - Marking task as SUCCESS. dag_id=data_ingestion_gcs_dag, task_id=local_to_gcs_task, execution_date=20220810T000000, start_date=20220811T203530, end_date=20220811T203701
[2022-08-11 20:37:01,454] {local_task_job.py:154} INFO - Task exited with return code 0
[2022-08-11 20:37:01,580] {local_task_job.py:264} INFO - 1 downstream tasks scheduled from follow-on schedule check
