[2022-08-11 21:18:31,856] {taskinstance.py:1032} INFO - Dependencies all met for <TaskInstance: data_ingestion_gcs_dag.local_to_gcs_task scheduled__2022-08-10T00:00:00+00:00 [queued]>
[2022-08-11 21:18:31,896] {taskinstance.py:1032} INFO - Dependencies all met for <TaskInstance: data_ingestion_gcs_dag.local_to_gcs_task scheduled__2022-08-10T00:00:00+00:00 [queued]>
[2022-08-11 21:18:31,898] {taskinstance.py:1238} INFO - 
--------------------------------------------------------------------------------
[2022-08-11 21:18:31,899] {taskinstance.py:1239} INFO - Starting attempt 6 of 7
[2022-08-11 21:18:31,902] {taskinstance.py:1240} INFO - 
--------------------------------------------------------------------------------
[2022-08-11 21:18:31,942] {taskinstance.py:1259} INFO - Executing <Task(PythonOperator): local_to_gcs_task> on 2022-08-10 00:00:00+00:00
[2022-08-11 21:18:31,956] {standard_task_runner.py:52} INFO - Started process 1663 to run task
[2022-08-11 21:18:31,965] {standard_task_runner.py:76} INFO - Running: ['***', 'tasks', 'run', 'data_ingestion_gcs_dag', 'local_to_gcs_task', 'scheduled__2022-08-10T00:00:00+00:00', '--job-id', '113', '--raw', '--subdir', 'DAGS_FOLDER/data_gpc.py', '--cfg-path', '/tmp/tmpqol8tvl8', '--error-file', '/tmp/tmp_e3qtbod']
[2022-08-11 21:18:31,968] {standard_task_runner.py:77} INFO - Job 113: Subtask local_to_gcs_task
[2022-08-11 21:18:32,095] {logging_mixin.py:109} INFO - Running <TaskInstance: data_ingestion_gcs_dag.local_to_gcs_task scheduled__2022-08-10T00:00:00+00:00 [running]> on host 56d1ec0a6f2c
[2022-08-11 21:18:32,254] {taskinstance.py:1426} INFO - Exporting the following env vars:
AIRFLOW_CTX_DAG_OWNER=***
AIRFLOW_CTX_DAG_ID=data_ingestion_gcs_dag
AIRFLOW_CTX_TASK_ID=local_to_gcs_task
AIRFLOW_CTX_EXECUTION_DATE=2022-08-10T00:00:00+00:00
AIRFLOW_CTX_DAG_RUN_ID=scheduled__2022-08-10T00:00:00+00:00
[2022-08-11 21:18:52,388] {python.py:175} INFO - Done. Returned value was: None
[2022-08-11 21:18:52,463] {taskinstance.py:1277} INFO - Marking task as SUCCESS. dag_id=data_ingestion_gcs_dag, task_id=local_to_gcs_task, execution_date=20220810T000000, start_date=20220811T211831, end_date=20220811T211852
[2022-08-11 21:18:52,662] {local_task_job.py:154} INFO - Task exited with return code 0
[2022-08-11 21:18:52,753] {local_task_job.py:264} INFO - 1 downstream tasks scheduled from follow-on schedule check
