[2022-08-10 22:02:30,974] {taskinstance.py:1032} INFO - Dependencies all met for <TaskInstance: LocalIngestionDag.ingest manual__2022-08-10T22:02:23.282706+00:00 [queued]>
[2022-08-10 22:02:31,133] {taskinstance.py:1032} INFO - Dependencies all met for <TaskInstance: LocalIngestionDag.ingest manual__2022-08-10T22:02:23.282706+00:00 [queued]>
[2022-08-10 22:02:31,135] {taskinstance.py:1238} INFO - 
--------------------------------------------------------------------------------
[2022-08-10 22:02:31,137] {taskinstance.py:1239} INFO - Starting attempt 1 of 1
[2022-08-10 22:02:31,138] {taskinstance.py:1240} INFO - 
--------------------------------------------------------------------------------
[2022-08-10 22:02:31,266] {taskinstance.py:1259} INFO - Executing <Task(BashOperator): ingest> on 2022-08-10 22:02:23.282706+00:00
[2022-08-10 22:02:31,287] {standard_task_runner.py:52} INFO - Started process 487 to run task
[2022-08-10 22:02:31,312] {standard_task_runner.py:76} INFO - Running: ['***', 'tasks', 'run', 'LocalIngestionDag', 'ingest', 'manual__2022-08-10T22:02:23.282706+00:00', '--job-id', '11', '--raw', '--subdir', 'DAGS_FOLDER/data_ingestion_local.py', '--cfg-path', '/tmp/tmp6cm51ft3', '--error-file', '/tmp/tmpxf094ju1']
[2022-08-10 22:02:31,318] {standard_task_runner.py:77} INFO - Job 11: Subtask ingest
[2022-08-10 22:02:31,805] {logging_mixin.py:109} INFO - Running <TaskInstance: LocalIngestionDag.ingest manual__2022-08-10T22:02:23.282706+00:00 [running]> on host 2e27409292ca
[2022-08-10 22:02:32,210] {taskinstance.py:1426} INFO - Exporting the following env vars:
AIRFLOW_CTX_DAG_OWNER=***
AIRFLOW_CTX_DAG_ID=LocalIngestionDag
AIRFLOW_CTX_TASK_ID=ingest
AIRFLOW_CTX_EXECUTION_DATE=2022-08-10T22:02:23.282706+00:00
AIRFLOW_CTX_DAG_RUN_ID=manual__2022-08-10T22:02:23.282706+00:00
[2022-08-10 22:02:32,215] {subprocess.py:62} INFO - Tmp dir root location: 
 /tmp
[2022-08-10 22:02:32,225] {subprocess.py:74} INFO - Running command: ['bash', '-c', 'echo hello world']
[2022-08-10 22:02:32,272] {subprocess.py:85} INFO - Output:
[2022-08-10 22:02:32,364] {subprocess.py:89} INFO - hello world
[2022-08-10 22:02:32,376] {subprocess.py:93} INFO - Command exited with return code 0
[2022-08-10 22:02:32,727] {taskinstance.py:1277} INFO - Marking task as SUCCESS. dag_id=LocalIngestionDag, task_id=ingest, execution_date=20220810T220223, start_date=20220810T220230, end_date=20220810T220232
[2022-08-10 22:02:32,940] {local_task_job.py:154} INFO - Task exited with return code 0
[2022-08-10 22:02:33,239] {local_task_job.py:264} INFO - 0 downstream tasks scheduled from follow-on schedule check
