[2022-08-05 20:06:03,462] {manager.py:514} INFO - Processing files using up to 2 processes at a time 
[2022-08-05 20:06:03,467] {manager.py:515} INFO - Process each file at most once every 30 seconds
[2022-08-05 20:06:03,471] {manager.py:517} INFO - Checking for new files in /opt/airflow/dags every 300 seconds
[2022-08-05 20:06:03,475] {manager.py:663} INFO - Searching for files in /opt/airflow/dags
[2022-08-05 20:06:03,480] {manager.py:666} INFO - There are 0 files in /opt/airflow/dags
[2022-08-05 20:06:03,545] {manager.py:1065} INFO - Finding 'running' jobs without a recent heartbeat
[2022-08-05 20:06:03,548] {manager.py:1069} INFO - Failing jobs without heartbeat after 2022-08-05 20:01:03.548573+00:00
[2022-08-05 20:06:13,662] {manager.py:1065} INFO - Finding 'running' jobs without a recent heartbeat
[2022-08-05 20:06:13,672] {manager.py:1069} INFO - Failing jobs without heartbeat after 2022-08-05 20:01:13.671896+00:00
[2022-08-05 20:06:23,754] {manager.py:1065} INFO - Finding 'running' jobs without a recent heartbeat
[2022-08-05 20:06:23,760] {manager.py:1069} INFO - Failing jobs without heartbeat after 2022-08-05 20:01:23.760245+00:00
[2022-08-05 20:06:33,849] {manager.py:1065} INFO - Finding 'running' jobs without a recent heartbeat
[2022-08-05 20:06:33,853] {manager.py:1069} INFO - Failing jobs without heartbeat after 2022-08-05 20:01:33.853007+00:00
[2022-08-05 20:06:43,924] {manager.py:1065} INFO - Finding 'running' jobs without a recent heartbeat
[2022-08-05 20:06:43,936] {manager.py:1069} INFO - Failing jobs without heartbeat after 2022-08-05 20:01:43.935565+00:00
[2022-08-05 20:06:54,027] {manager.py:1065} INFO - Finding 'running' jobs without a recent heartbeat
[2022-08-05 20:06:54,035] {manager.py:1069} INFO - Failing jobs without heartbeat after 2022-08-05 20:01:54.035573+00:00
[2022-08-05 20:07:04,221] {manager.py:1065} INFO - Finding 'running' jobs without a recent heartbeat
[2022-08-05 20:07:04,233] {manager.py:1069} INFO - Failing jobs without heartbeat after 2022-08-05 20:02:04.233502+00:00
[2022-08-05 20:07:14,358] {manager.py:1065} INFO - Finding 'running' jobs without a recent heartbeat
[2022-08-05 20:07:14,371] {manager.py:1069} INFO - Failing jobs without heartbeat after 2022-08-05 20:02:14.371031+00:00
[2022-08-05 20:07:24,472] {manager.py:1065} INFO - Finding 'running' jobs without a recent heartbeat
[2022-08-05 20:07:24,494] {manager.py:1069} INFO - Failing jobs without heartbeat after 2022-08-05 20:02:24.493831+00:00
[2022-08-05 20:07:34,628] {manager.py:1065} INFO - Finding 'running' jobs without a recent heartbeat
[2022-08-05 20:07:34,648] {manager.py:1069} INFO - Failing jobs without heartbeat after 2022-08-05 20:02:34.648743+00:00
[2022-08-05 20:07:44,762] {manager.py:1065} INFO - Finding 'running' jobs without a recent heartbeat
[2022-08-05 20:07:44,784] {manager.py:1069} INFO - Failing jobs without heartbeat after 2022-08-05 20:02:44.784269+00:00
[2022-08-05 20:07:54,934] {manager.py:1065} INFO - Finding 'running' jobs without a recent heartbeat
[2022-08-05 20:07:54,944] {manager.py:1069} INFO - Failing jobs without heartbeat after 2022-08-05 20:02:54.943748+00:00
[2022-08-05 20:08:05,077] {manager.py:1065} INFO - Finding 'running' jobs without a recent heartbeat
[2022-08-05 20:08:05,097] {manager.py:1069} INFO - Failing jobs without heartbeat after 2022-08-05 20:03:05.096684+00:00
[2022-08-05 20:08:15,254] {manager.py:1065} INFO - Finding 'running' jobs without a recent heartbeat
[2022-08-05 20:08:15,259] {manager.py:1069} INFO - Failing jobs without heartbeat after 2022-08-05 20:03:15.259829+00:00
[2022-08-05 20:08:25,367] {manager.py:1065} INFO - Finding 'running' jobs without a recent heartbeat
[2022-08-05 20:08:25,388] {manager.py:1069} INFO - Failing jobs without heartbeat after 2022-08-05 20:03:25.387739+00:00
[2022-08-05 20:08:35,512] {manager.py:1065} INFO - Finding 'running' jobs without a recent heartbeat
[2022-08-05 20:08:35,517] {manager.py:1069} INFO - Failing jobs without heartbeat after 2022-08-05 20:03:35.517335+00:00
[2022-08-05 20:08:45,641] {manager.py:1065} INFO - Finding 'running' jobs without a recent heartbeat
[2022-08-05 20:08:45,659] {manager.py:1069} INFO - Failing jobs without heartbeat after 2022-08-05 20:03:45.659055+00:00
[2022-08-05 20:08:55,815] {manager.py:1065} INFO - Finding 'running' jobs without a recent heartbeat
[2022-08-05 20:08:55,831] {manager.py:1069} INFO - Failing jobs without heartbeat after 2022-08-05 20:03:55.831471+00:00
[2022-08-05 20:09:05,959] {manager.py:1065} INFO - Finding 'running' jobs without a recent heartbeat
[2022-08-05 20:09:05,969] {manager.py:1069} INFO - Failing jobs without heartbeat after 2022-08-05 20:04:05.969562+00:00
[2022-08-05 20:09:16,102] {manager.py:1065} INFO - Finding 'running' jobs without a recent heartbeat
[2022-08-05 20:09:16,111] {manager.py:1069} INFO - Failing jobs without heartbeat after 2022-08-05 20:04:16.110837+00:00
[2022-08-05 20:09:26,237] {manager.py:1065} INFO - Finding 'running' jobs without a recent heartbeat
[2022-08-05 20:09:26,246] {manager.py:1069} INFO - Failing jobs without heartbeat after 2022-08-05 20:04:26.245757+00:00
[2022-08-05 20:09:36,362] {manager.py:1065} INFO - Finding 'running' jobs without a recent heartbeat
[2022-08-05 20:09:36,367] {manager.py:1069} INFO - Failing jobs without heartbeat after 2022-08-05 20:04:36.367304+00:00
[2022-08-05 20:09:46,514] {manager.py:1065} INFO - Finding 'running' jobs without a recent heartbeat
[2022-08-05 20:09:46,542] {manager.py:1069} INFO - Failing jobs without heartbeat after 2022-08-05 20:04:46.541943+00:00
[2022-08-05 20:09:56,676] {manager.py:1065} INFO - Finding 'running' jobs without a recent heartbeat
[2022-08-05 20:09:56,691] {manager.py:1069} INFO - Failing jobs without heartbeat after 2022-08-05 20:04:56.691368+00:00
[2022-08-05 20:10:06,890] {manager.py:1065} INFO - Finding 'running' jobs without a recent heartbeat
[2022-08-05 20:10:06,907] {manager.py:1069} INFO - Failing jobs without heartbeat after 2022-08-05 20:05:06.906952+00:00
[2022-08-05 20:10:17,024] {manager.py:1065} INFO - Finding 'running' jobs without a recent heartbeat
[2022-08-05 20:10:17,030] {manager.py:1069} INFO - Failing jobs without heartbeat after 2022-08-05 20:05:17.030169+00:00
[2022-08-05 20:10:27,158] {manager.py:1065} INFO - Finding 'running' jobs without a recent heartbeat
[2022-08-05 20:10:27,170] {manager.py:1069} INFO - Failing jobs without heartbeat after 2022-08-05 20:05:27.169854+00:00
[2022-08-05 20:10:37,251] {manager.py:1065} INFO - Finding 'running' jobs without a recent heartbeat
[2022-08-05 20:10:37,255] {manager.py:1069} INFO - Failing jobs without heartbeat after 2022-08-05 20:05:37.255752+00:00
[2022-08-05 20:10:47,420] {manager.py:1065} INFO - Finding 'running' jobs without a recent heartbeat
[2022-08-05 20:10:47,429] {manager.py:1069} INFO - Failing jobs without heartbeat after 2022-08-05 20:05:47.429110+00:00
[2022-08-05 20:10:57,522] {manager.py:1065} INFO - Finding 'running' jobs without a recent heartbeat
[2022-08-05 20:10:57,529] {manager.py:1069} INFO - Failing jobs without heartbeat after 2022-08-05 20:05:57.528945+00:00
[2022-08-05 20:11:03,633] {manager.py:663} INFO - Searching for files in /opt/airflow/dags
[2022-08-05 20:11:03,657] {manager.py:666} INFO - There are 0 files in /opt/airflow/dags
[2022-08-05 20:11:07,733] {manager.py:1065} INFO - Finding 'running' jobs without a recent heartbeat
[2022-08-05 20:11:07,739] {manager.py:1069} INFO - Failing jobs without heartbeat after 2022-08-05 20:06:07.738962+00:00
[2022-08-05 20:11:17,831] {manager.py:1065} INFO - Finding 'running' jobs without a recent heartbeat
[2022-08-05 20:11:17,860] {manager.py:1069} INFO - Failing jobs without heartbeat after 2022-08-05 20:06:17.860242+00:00
[2022-08-05 20:11:28,004] {manager.py:1065} INFO - Finding 'running' jobs without a recent heartbeat
[2022-08-05 20:11:28,013] {manager.py:1069} INFO - Failing jobs without heartbeat after 2022-08-05 20:06:28.013015+00:00
[2022-08-05 20:11:38,101] {manager.py:1065} INFO - Finding 'running' jobs without a recent heartbeat
[2022-08-05 20:11:38,128] {manager.py:1069} INFO - Failing jobs without heartbeat after 2022-08-05 20:06:38.125599+00:00
[2022-08-05 20:11:48,260] {manager.py:1065} INFO - Finding 'running' jobs without a recent heartbeat
[2022-08-05 20:11:48,273] {manager.py:1069} INFO - Failing jobs without heartbeat after 2022-08-05 20:06:48.273359+00:00
[2022-08-05 20:11:58,388] {manager.py:1065} INFO - Finding 'running' jobs without a recent heartbeat
[2022-08-05 20:11:58,407] {manager.py:1069} INFO - Failing jobs without heartbeat after 2022-08-05 20:06:58.406456+00:00
[2022-08-05 20:12:08,569] {manager.py:1065} INFO - Finding 'running' jobs without a recent heartbeat
[2022-08-05 20:12:08,574] {manager.py:1069} INFO - Failing jobs without heartbeat after 2022-08-05 20:07:08.574537+00:00
[2022-08-05 20:12:18,666] {manager.py:1065} INFO - Finding 'running' jobs without a recent heartbeat
[2022-08-05 20:12:18,684] {manager.py:1069} INFO - Failing jobs without heartbeat after 2022-08-05 20:07:18.683257+00:00
[2022-08-05 20:12:28,832] {manager.py:1065} INFO - Finding 'running' jobs without a recent heartbeat
[2022-08-05 20:12:28,836] {manager.py:1069} INFO - Failing jobs without heartbeat after 2022-08-05 20:07:28.835993+00:00
[2022-08-05 20:12:38,936] {manager.py:1065} INFO - Finding 'running' jobs without a recent heartbeat
[2022-08-05 20:12:38,942] {manager.py:1069} INFO - Failing jobs without heartbeat after 2022-08-05 20:07:38.942522+00:00
[2022-08-05 20:12:49,086] {manager.py:1065} INFO - Finding 'running' jobs without a recent heartbeat
[2022-08-05 20:12:49,096] {manager.py:1069} INFO - Failing jobs without heartbeat after 2022-08-05 20:07:49.096326+00:00
[2022-08-05 20:12:59,233] {manager.py:1065} INFO - Finding 'running' jobs without a recent heartbeat
[2022-08-05 20:12:59,251] {manager.py:1069} INFO - Failing jobs without heartbeat after 2022-08-05 20:07:59.250200+00:00
[2022-08-05 20:13:09,388] {manager.py:1065} INFO - Finding 'running' jobs without a recent heartbeat
[2022-08-05 20:13:09,396] {manager.py:1069} INFO - Failing jobs without heartbeat after 2022-08-05 20:08:09.396135+00:00
[2022-08-05 20:13:19,512] {manager.py:1065} INFO - Finding 'running' jobs without a recent heartbeat
[2022-08-05 20:13:19,523] {manager.py:1069} INFO - Failing jobs without heartbeat after 2022-08-05 20:08:19.523421+00:00
