[2022-08-10 22:02:27,348] {taskinstance.py:1032} INFO - Dependencies all met for <TaskInstance: LocalIngestionDag.wget scheduled__2022-02-02T06:00:00+00:00 [queued]>
[2022-08-10 22:02:27,487] {taskinstance.py:1032} INFO - Dependencies all met for <TaskInstance: LocalIngestionDag.wget scheduled__2022-02-02T06:00:00+00:00 [queued]>
[2022-08-10 22:02:27,493] {taskinstance.py:1238} INFO - 
--------------------------------------------------------------------------------
[2022-08-10 22:02:27,502] {taskinstance.py:1239} INFO - Starting attempt 1 of 1
[2022-08-10 22:02:27,504] {taskinstance.py:1240} INFO - 
--------------------------------------------------------------------------------
[2022-08-10 22:02:27,685] {taskinstance.py:1259} INFO - Executing <Task(BashOperator): wget> on 2022-02-02 06:00:00+00:00
[2022-08-10 22:02:27,703] {standard_task_runner.py:52} INFO - Started process 455 to run task
[2022-08-10 22:02:27,746] {standard_task_runner.py:76} INFO - Running: ['***', 'tasks', 'run', 'LocalIngestionDag', 'wget', 'scheduled__2022-02-02T06:00:00+00:00', '--job-id', '6', '--raw', '--subdir', 'DAGS_FOLDER/data_ingestion_local.py', '--cfg-path', '/tmp/tmpo8rfeza0', '--error-file', '/tmp/tmpjtcnqhu_']
[2022-08-10 22:02:27,754] {standard_task_runner.py:77} INFO - Job 6: Subtask wget
[2022-08-10 22:02:28,330] {logging_mixin.py:109} INFO - Running <TaskInstance: LocalIngestionDag.wget scheduled__2022-02-02T06:00:00+00:00 [running]> on host 2e27409292ca
[2022-08-10 22:02:28,658] {taskinstance.py:1426} INFO - Exporting the following env vars:
AIRFLOW_CTX_DAG_OWNER=***
AIRFLOW_CTX_DAG_ID=LocalIngestionDag
AIRFLOW_CTX_TASK_ID=wget
AIRFLOW_CTX_EXECUTION_DATE=2022-02-02T06:00:00+00:00
AIRFLOW_CTX_DAG_RUN_ID=scheduled__2022-02-02T06:00:00+00:00
[2022-08-10 22:02:28,663] {subprocess.py:62} INFO - Tmp dir root location: 
 /tmp
[2022-08-10 22:02:28,674] {subprocess.py:74} INFO - Running command: ['bash', '-c', 'echo hello world']
[2022-08-10 22:02:28,703] {subprocess.py:85} INFO - Output:
[2022-08-10 22:02:28,799] {subprocess.py:89} INFO - hello world
[2022-08-10 22:02:28,805] {subprocess.py:93} INFO - Command exited with return code 0
[2022-08-10 22:02:29,102] {taskinstance.py:1277} INFO - Marking task as SUCCESS. dag_id=LocalIngestionDag, task_id=wget, execution_date=20220202T060000, start_date=20220810T220227, end_date=20220810T220229
[2022-08-10 22:02:29,281] {local_task_job.py:154} INFO - Task exited with return code 0
[2022-08-10 22:02:29,652] {local_task_job.py:264} INFO - 1 downstream tasks scheduled from follow-on schedule check
