[2022-08-11 16:43:45,268] {taskinstance.py:1032} INFO - Dependencies all met for <TaskInstance: LocalIngestionDag.wget scheduled__2022-02-02T06:00:00+00:00 [queued]>
[2022-08-11 16:43:45,318] {taskinstance.py:1032} INFO - Dependencies all met for <TaskInstance: LocalIngestionDag.wget scheduled__2022-02-02T06:00:00+00:00 [queued]>
[2022-08-11 16:43:45,319] {taskinstance.py:1238} INFO - 
--------------------------------------------------------------------------------
[2022-08-11 16:43:45,321] {taskinstance.py:1239} INFO - Starting attempt 2 of 2
[2022-08-11 16:43:45,322] {taskinstance.py:1240} INFO - 
--------------------------------------------------------------------------------
[2022-08-11 16:43:45,370] {taskinstance.py:1259} INFO - Executing <Task(BashOperator): wget> on 2022-02-02 06:00:00+00:00
[2022-08-11 16:43:45,375] {standard_task_runner.py:52} INFO - Started process 3566 to run task
[2022-08-11 16:43:45,383] {standard_task_runner.py:76} INFO - Running: ['***', 'tasks', 'run', 'LocalIngestionDag', 'wget', 'scheduled__2022-02-02T06:00:00+00:00', '--job-id', '30', '--raw', '--subdir', 'DAGS_FOLDER/data_ingestion_local.py', '--cfg-path', '/tmp/tmpuah49mis', '--error-file', '/tmp/tmpzomaukph']
[2022-08-11 16:43:45,386] {standard_task_runner.py:77} INFO - Job 30: Subtask wget
[2022-08-11 16:43:45,535] {logging_mixin.py:109} INFO - Running <TaskInstance: LocalIngestionDag.wget scheduled__2022-02-02T06:00:00+00:00 [running]> on host cdc85d7e6248
[2022-08-11 16:43:45,688] {taskinstance.py:1426} INFO - Exporting the following env vars:
AIRFLOW_CTX_DAG_OWNER=***
AIRFLOW_CTX_DAG_ID=LocalIngestionDag
AIRFLOW_CTX_TASK_ID=wget
AIRFLOW_CTX_EXECUTION_DATE=2022-02-02T06:00:00+00:00
AIRFLOW_CTX_DAG_RUN_ID=scheduled__2022-02-02T06:00:00+00:00
[2022-08-11 16:43:45,693] {subprocess.py:62} INFO - Tmp dir root location: 
 /tmp
[2022-08-11 16:43:45,696] {subprocess.py:74} INFO - Running command: ['bash', '-c', 'curl -sSL https://github.com/DataTalksClub/nyc-tlc-data/releases/download/yellow/yellow_tripdata_2020-01.csv.gz > /opt/***/output.gz']
[2022-08-11 16:43:45,709] {subprocess.py:85} INFO - Output:
[2022-08-11 16:44:11,212] {subprocess.py:93} INFO - Command exited with return code 0
[2022-08-11 16:44:11,320] {taskinstance.py:1277} INFO - Marking task as SUCCESS. dag_id=LocalIngestionDag, task_id=wget, execution_date=20220202T060000, start_date=20220811T164345, end_date=20220811T164411
[2022-08-11 16:44:11,383] {local_task_job.py:154} INFO - Task exited with return code 0
[2022-08-11 16:44:11,550] {local_task_job.py:264} INFO - 0 downstream tasks scheduled from follow-on schedule check
