[2022-08-10 22:02:36,895] {taskinstance.py:1032} INFO - Dependencies all met for <TaskInstance: LocalIngestionDag.ingest scheduled__2022-06-02T06:00:00+00:00 [queued]>
[2022-08-10 22:02:36,954] {taskinstance.py:1032} INFO - Dependencies all met for <TaskInstance: LocalIngestionDag.ingest scheduled__2022-06-02T06:00:00+00:00 [queued]>
[2022-08-10 22:02:36,957] {taskinstance.py:1238} INFO - 
--------------------------------------------------------------------------------
[2022-08-10 22:02:36,958] {taskinstance.py:1239} INFO - Starting attempt 1 of 1
[2022-08-10 22:02:36,965] {taskinstance.py:1240} INFO - 
--------------------------------------------------------------------------------
[2022-08-10 22:02:37,016] {taskinstance.py:1259} INFO - Executing <Task(BashOperator): ingest> on 2022-06-02 06:00:00+00:00
[2022-08-10 22:02:37,026] {standard_task_runner.py:52} INFO - Started process 544 to run task
[2022-08-10 22:02:37,036] {standard_task_runner.py:76} INFO - Running: ['***', 'tasks', 'run', 'LocalIngestionDag', 'ingest', 'scheduled__2022-06-02T06:00:00+00:00', '--job-id', '18', '--raw', '--subdir', 'DAGS_FOLDER/data_ingestion_local.py', '--cfg-path', '/tmp/tmpoj4q_12y', '--error-file', '/tmp/tmp38m_3w_y']
[2022-08-10 22:02:37,040] {standard_task_runner.py:77} INFO - Job 18: Subtask ingest
[2022-08-10 22:02:37,238] {logging_mixin.py:109} INFO - Running <TaskInstance: LocalIngestionDag.ingest scheduled__2022-06-02T06:00:00+00:00 [running]> on host 2e27409292ca
[2022-08-10 22:02:37,451] {taskinstance.py:1426} INFO - Exporting the following env vars:
AIRFLOW_CTX_DAG_OWNER=***
AIRFLOW_CTX_DAG_ID=LocalIngestionDag
AIRFLOW_CTX_TASK_ID=ingest
AIRFLOW_CTX_EXECUTION_DATE=2022-06-02T06:00:00+00:00
AIRFLOW_CTX_DAG_RUN_ID=scheduled__2022-06-02T06:00:00+00:00
[2022-08-10 22:02:37,460] {subprocess.py:62} INFO - Tmp dir root location: 
 /tmp
[2022-08-10 22:02:37,464] {subprocess.py:74} INFO - Running command: ['bash', '-c', 'echo hello world']
[2022-08-10 22:02:37,478] {subprocess.py:85} INFO - Output:
[2022-08-10 22:02:37,518] {subprocess.py:89} INFO - hello world
[2022-08-10 22:02:37,523] {subprocess.py:93} INFO - Command exited with return code 0
[2022-08-10 22:02:37,578] {taskinstance.py:1277} INFO - Marking task as SUCCESS. dag_id=LocalIngestionDag, task_id=ingest, execution_date=20220602T060000, start_date=20220810T220236, end_date=20220810T220237
[2022-08-10 22:02:37,653] {local_task_job.py:154} INFO - Task exited with return code 0
[2022-08-10 22:02:37,731] {local_task_job.py:264} INFO - 0 downstream tasks scheduled from follow-on schedule check
