[2022-08-11 18:35:34,118] {taskinstance.py:1032} INFO - Dependencies all met for <TaskInstance: LocalIngestionDag.ingest scheduled__2022-06-02T06:00:00+00:00 [queued]>
[2022-08-11 18:35:34,157] {taskinstance.py:1032} INFO - Dependencies all met for <TaskInstance: LocalIngestionDag.ingest scheduled__2022-06-02T06:00:00+00:00 [queued]>
[2022-08-11 18:35:34,158] {taskinstance.py:1238} INFO - 
--------------------------------------------------------------------------------
[2022-08-11 18:35:34,160] {taskinstance.py:1239} INFO - Starting attempt 2 of 2
[2022-08-11 18:35:34,161] {taskinstance.py:1240} INFO - 
--------------------------------------------------------------------------------
[2022-08-11 18:35:34,201] {taskinstance.py:1259} INFO - Executing <Task(PythonOperator): ingest> on 2022-06-02 06:00:00+00:00
[2022-08-11 18:35:34,215] {standard_task_runner.py:52} INFO - Started process 1413 to run task
[2022-08-11 18:35:34,224] {standard_task_runner.py:76} INFO - Running: ['***', 'tasks', 'run', 'LocalIngestionDag', 'ingest', 'scheduled__2022-06-02T06:00:00+00:00', '--job-id', '65', '--raw', '--subdir', 'DAGS_FOLDER/data_ingestion_local.py', '--cfg-path', '/tmp/tmpok413d96', '--error-file', '/tmp/tmpkhd86wxj']
[2022-08-11 18:35:34,227] {standard_task_runner.py:77} INFO - Job 65: Subtask ingest
[2022-08-11 18:35:34,387] {logging_mixin.py:109} INFO - Running <TaskInstance: LocalIngestionDag.ingest scheduled__2022-06-02T06:00:00+00:00 [running]> on host 3b421e1efda7
[2022-08-11 18:35:34,574] {logging_mixin.py:109} WARNING - /home/***/.local/lib/python3.7/site-packages/***/utils/context.py:152 AirflowContextDeprecationWarning: Accessing 'execution_date' from the template is deprecated and will be removed in a future version. Please use 'data_interval_start' or 'logical_date' instead.
[2022-08-11 18:35:34,620] {taskinstance.py:1426} INFO - Exporting the following env vars:
AIRFLOW_CTX_DAG_OWNER=***
AIRFLOW_CTX_DAG_ID=LocalIngestionDag
AIRFLOW_CTX_TASK_ID=ingest
AIRFLOW_CTX_EXECUTION_DATE=2022-06-02T06:00:00+00:00
AIRFLOW_CTX_DAG_RUN_ID=scheduled__2022-06-02T06:00:00+00:00
[2022-08-11 18:35:34,628] {logging_mixin.py:109} INFO - test /opt/***/output_2021-06.csv.gz
[2022-08-11 18:35:34,657] {python.py:175} INFO - Done. Returned value was: None
[2022-08-11 18:35:34,690] {taskinstance.py:1277} INFO - Marking task as SUCCESS. dag_id=LocalIngestionDag, task_id=ingest, execution_date=20220602T060000, start_date=20220811T183534, end_date=20220811T183534
[2022-08-11 18:35:34,764] {local_task_job.py:154} INFO - Task exited with return code 0
[2022-08-11 18:35:34,851] {local_task_job.py:264} INFO - 0 downstream tasks scheduled from follow-on schedule check
