[2022-08-11 17:23:46,704] {taskinstance.py:1032} INFO - Dependencies all met for <TaskInstance: LocalIngestionDag.wget scheduled__2022-01-02T06:00:00+00:00 [queued]>
[2022-08-11 17:23:46,752] {taskinstance.py:1032} INFO - Dependencies all met for <TaskInstance: LocalIngestionDag.wget scheduled__2022-01-02T06:00:00+00:00 [queued]>
[2022-08-11 17:23:46,755] {taskinstance.py:1238} INFO - 
--------------------------------------------------------------------------------
[2022-08-11 17:23:46,757] {taskinstance.py:1239} INFO - Starting attempt 10 of 10
[2022-08-11 17:23:46,759] {taskinstance.py:1240} INFO - 
--------------------------------------------------------------------------------
[2022-08-11 17:23:46,802] {taskinstance.py:1259} INFO - Executing <Task(BashOperator): wget> on 2022-01-02 06:00:00+00:00
[2022-08-11 17:23:46,809] {standard_task_runner.py:52} INFO - Started process 6307 to run task
[2022-08-11 17:23:46,819] {standard_task_runner.py:76} INFO - Running: ['***', 'tasks', 'run', 'LocalIngestionDag', 'wget', 'scheduled__2022-01-02T06:00:00+00:00', '--job-id', '53', '--raw', '--subdir', 'DAGS_FOLDER/data_ingestion_local.py', '--cfg-path', '/tmp/tmpq97y20m6', '--error-file', '/tmp/tmpl_h2e24v']
[2022-08-11 17:23:46,822] {standard_task_runner.py:77} INFO - Job 53: Subtask wget
[2022-08-11 17:23:46,958] {logging_mixin.py:109} INFO - Running <TaskInstance: LocalIngestionDag.wget scheduled__2022-01-02T06:00:00+00:00 [running]> on host cdc85d7e6248
[2022-08-11 17:23:47,117] {logging_mixin.py:109} WARNING - /home/***/.local/lib/python3.7/site-packages/***/utils/context.py:152 AirflowContextDeprecationWarning: Accessing 'execution_date' from the template is deprecated and will be removed in a future version. Please use 'data_interval_start' or 'logical_date' instead.
[2022-08-11 17:23:47,166] {taskinstance.py:1426} INFO - Exporting the following env vars:
AIRFLOW_CTX_DAG_OWNER=***
AIRFLOW_CTX_DAG_ID=LocalIngestionDag
AIRFLOW_CTX_TASK_ID=wget
AIRFLOW_CTX_EXECUTION_DATE=2022-01-02T06:00:00+00:00
AIRFLOW_CTX_DAG_RUN_ID=scheduled__2022-01-02T06:00:00+00:00
[2022-08-11 17:23:47,172] {subprocess.py:62} INFO - Tmp dir root location: 
 /tmp
[2022-08-11 17:23:47,176] {subprocess.py:74} INFO - Running command: ['bash', '-c', 'curl -sSL https://github.com/DataTalksClub/nyc-tlc-data/releases/download/yellow/yellow_tripdata_2021-01.csv.gz > /opt/***/output_2021-01.csv.gz']
[2022-08-11 17:23:47,196] {subprocess.py:85} INFO - Output:
[2022-08-11 17:23:53,215] {subprocess.py:93} INFO - Command exited with return code 0
[2022-08-11 17:23:53,309] {taskinstance.py:1277} INFO - Marking task as SUCCESS. dag_id=LocalIngestionDag, task_id=wget, execution_date=20220102T060000, start_date=20220811T172346, end_date=20220811T172353
[2022-08-11 17:23:53,389] {local_task_job.py:154} INFO - Task exited with return code 0
[2022-08-11 17:23:53,517] {local_task_job.py:264} INFO - 1 downstream tasks scheduled from follow-on schedule check
