[2022-08-11 18:31:34,684] {taskinstance.py:1032} INFO - Dependencies all met for <TaskInstance: LocalIngestionDag.wget scheduled__2022-01-02T06:00:00+00:00 [queued]>
[2022-08-11 18:31:34,761] {taskinstance.py:1032} INFO - Dependencies all met for <TaskInstance: LocalIngestionDag.wget scheduled__2022-01-02T06:00:00+00:00 [queued]>
[2022-08-11 18:31:34,765] {taskinstance.py:1238} INFO - 
--------------------------------------------------------------------------------
[2022-08-11 18:31:34,768] {taskinstance.py:1239} INFO - Starting attempt 11 of 11
[2022-08-11 18:31:34,770] {taskinstance.py:1240} INFO - 
--------------------------------------------------------------------------------
[2022-08-11 18:31:34,842] {taskinstance.py:1259} INFO - Executing <Task(BashOperator): wget> on 2022-01-02 06:00:00+00:00
[2022-08-11 18:31:34,861] {standard_task_runner.py:52} INFO - Started process 1033 to run task
[2022-08-11 18:31:34,871] {standard_task_runner.py:76} INFO - Running: ['***', 'tasks', 'run', 'LocalIngestionDag', 'wget', 'scheduled__2022-01-02T06:00:00+00:00', '--job-id', '58', '--raw', '--subdir', 'DAGS_FOLDER/data_ingestion_local.py', '--cfg-path', '/tmp/tmpxkh4w6xo', '--error-file', '/tmp/tmpjw_wawwb']
[2022-08-11 18:31:34,875] {standard_task_runner.py:77} INFO - Job 58: Subtask wget
[2022-08-11 18:31:35,018] {logging_mixin.py:109} INFO - Running <TaskInstance: LocalIngestionDag.wget scheduled__2022-01-02T06:00:00+00:00 [running]> on host 3b421e1efda7
[2022-08-11 18:31:35,208] {logging_mixin.py:109} WARNING - /home/***/.local/lib/python3.7/site-packages/***/utils/context.py:152 AirflowContextDeprecationWarning: Accessing 'execution_date' from the template is deprecated and will be removed in a future version. Please use 'data_interval_start' or 'logical_date' instead.
[2022-08-11 18:31:35,247] {taskinstance.py:1426} INFO - Exporting the following env vars:
AIRFLOW_CTX_DAG_OWNER=***
AIRFLOW_CTX_DAG_ID=LocalIngestionDag
AIRFLOW_CTX_TASK_ID=wget
AIRFLOW_CTX_EXECUTION_DATE=2022-01-02T06:00:00+00:00
AIRFLOW_CTX_DAG_RUN_ID=scheduled__2022-01-02T06:00:00+00:00
[2022-08-11 18:31:35,251] {subprocess.py:62} INFO - Tmp dir root location: 
 /tmp
[2022-08-11 18:31:35,254] {subprocess.py:74} INFO - Running command: ['bash', '-c', 'curl -sSL https://github.com/DataTalksClub/nyc-tlc-data/releases/download/yellow/yellow_tripdata_2021-01.csv.gz > /opt/***/output_2021-01.csv.gz']
[2022-08-11 18:31:35,270] {subprocess.py:85} INFO - Output:
[2022-08-11 18:31:44,610] {subprocess.py:93} INFO - Command exited with return code 0
[2022-08-11 18:31:44,777] {taskinstance.py:1277} INFO - Marking task as SUCCESS. dag_id=LocalIngestionDag, task_id=wget, execution_date=20220102T060000, start_date=20220811T183134, end_date=20220811T183144
[2022-08-11 18:31:44,883] {local_task_job.py:154} INFO - Task exited with return code 0
[2022-08-11 18:31:45,055] {local_task_job.py:264} INFO - 1 downstream tasks scheduled from follow-on schedule check
