[2022-08-10 22:24:57,980] {taskinstance.py:1032} INFO - Dependencies all met for <TaskInstance: LocalIngestionDag.wget scheduled__2022-01-02T06:00:00+00:00 [queued]>
[2022-08-10 22:24:58,022] {taskinstance.py:1032} INFO - Dependencies all met for <TaskInstance: LocalIngestionDag.wget scheduled__2022-01-02T06:00:00+00:00 [queued]>
[2022-08-10 22:24:58,024] {taskinstance.py:1238} INFO - 
--------------------------------------------------------------------------------
[2022-08-10 22:24:58,025] {taskinstance.py:1239} INFO - Starting attempt 2 of 2
[2022-08-10 22:24:58,027] {taskinstance.py:1240} INFO - 
--------------------------------------------------------------------------------
[2022-08-10 22:24:58,070] {taskinstance.py:1259} INFO - Executing <Task(BashOperator): wget> on 2022-01-02 06:00:00+00:00
[2022-08-10 22:24:58,079] {standard_task_runner.py:52} INFO - Started process 1975 to run task
[2022-08-10 22:24:58,090] {standard_task_runner.py:76} INFO - Running: ['***', 'tasks', 'run', 'LocalIngestionDag', 'wget', 'scheduled__2022-01-02T06:00:00+00:00', '--job-id', '22', '--raw', '--subdir', 'DAGS_FOLDER/data_ingestion_local.py', '--cfg-path', '/tmp/tmpt2ri_8_w', '--error-file', '/tmp/tmpscx9geao']
[2022-08-10 22:24:58,093] {standard_task_runner.py:77} INFO - Job 22: Subtask wget
[2022-08-10 22:24:58,235] {logging_mixin.py:109} INFO - Running <TaskInstance: LocalIngestionDag.wget scheduled__2022-01-02T06:00:00+00:00 [running]> on host 2e27409292ca
[2022-08-10 22:24:58,411] {taskinstance.py:1426} INFO - Exporting the following env vars:
AIRFLOW_CTX_DAG_OWNER=***
AIRFLOW_CTX_DAG_ID=LocalIngestionDag
AIRFLOW_CTX_TASK_ID=wget
AIRFLOW_CTX_EXECUTION_DATE=2022-01-02T06:00:00+00:00
AIRFLOW_CTX_DAG_RUN_ID=scheduled__2022-01-02T06:00:00+00:00
[2022-08-10 22:24:58,416] {subprocess.py:62} INFO - Tmp dir root location: 
 /tmp
[2022-08-10 22:24:58,419] {subprocess.py:74} INFO - Running command: ['bash', '-c', 'curl -sSL https://github.com/DataTalksClub/nyc-tlc-data/releases/download/yellow/yellow_tripdata_2020-01.csv.gz > /opt/***/output.csv']
[2022-08-10 22:24:58,432] {subprocess.py:85} INFO - Output:
[2022-08-10 22:25:19,408] {subprocess.py:93} INFO - Command exited with return code 0
[2022-08-10 22:25:19,555] {taskinstance.py:1277} INFO - Marking task as SUCCESS. dag_id=LocalIngestionDag, task_id=wget, execution_date=20220102T060000, start_date=20220810T222457, end_date=20220810T222519
[2022-08-10 22:25:19,641] {local_task_job.py:154} INFO - Task exited with return code 0
[2022-08-10 22:25:19,739] {local_task_job.py:264} INFO - 1 downstream tasks scheduled from follow-on schedule check
