[2022-08-11 15:53:44,336] {taskinstance.py:1032} INFO - Dependencies all met for <TaskInstance: LocalIngestionDag.wget scheduled__2022-01-02T06:00:00+00:00 [queued]>
[2022-08-11 15:53:44,380] {taskinstance.py:1032} INFO - Dependencies all met for <TaskInstance: LocalIngestionDag.wget scheduled__2022-01-02T06:00:00+00:00 [queued]>
[2022-08-11 15:53:44,382] {taskinstance.py:1238} INFO - 
--------------------------------------------------------------------------------
[2022-08-11 15:53:44,384] {taskinstance.py:1239} INFO - Starting attempt 3 of 3
[2022-08-11 15:53:44,386] {taskinstance.py:1240} INFO - 
--------------------------------------------------------------------------------
[2022-08-11 15:53:44,438] {taskinstance.py:1259} INFO - Executing <Task(BashOperator): wget> on 2022-01-02 06:00:00+00:00
[2022-08-11 15:53:44,447] {standard_task_runner.py:52} INFO - Started process 400 to run task
[2022-08-11 15:53:44,461] {standard_task_runner.py:76} INFO - Running: ['***', 'tasks', 'run', 'LocalIngestionDag', 'wget', 'scheduled__2022-01-02T06:00:00+00:00', '--job-id', '25', '--raw', '--subdir', 'DAGS_FOLDER/data_ingestion_local.py', '--cfg-path', '/tmp/tmpva83w0hh', '--error-file', '/tmp/tmpc44kuzet']
[2022-08-11 15:53:44,465] {standard_task_runner.py:77} INFO - Job 25: Subtask wget
[2022-08-11 15:53:44,625] {logging_mixin.py:109} INFO - Running <TaskInstance: LocalIngestionDag.wget scheduled__2022-01-02T06:00:00+00:00 [running]> on host cdc85d7e6248
[2022-08-11 15:53:44,841] {taskinstance.py:1426} INFO - Exporting the following env vars:
AIRFLOW_CTX_DAG_OWNER=***
AIRFLOW_CTX_DAG_ID=LocalIngestionDag
AIRFLOW_CTX_TASK_ID=wget
AIRFLOW_CTX_EXECUTION_DATE=2022-01-02T06:00:00+00:00
AIRFLOW_CTX_DAG_RUN_ID=scheduled__2022-01-02T06:00:00+00:00
[2022-08-11 15:53:44,854] {subprocess.py:62} INFO - Tmp dir root location: 
 /tmp
[2022-08-11 15:53:44,862] {subprocess.py:74} INFO - Running command: ['bash', '-c', 'curl -sSL https://github.com/DataTalksClub/nyc-tlc-data/releases/download/yellow/yellow_tripdata_2020-01.csv.gz > /opt/***/output.gz']
[2022-08-11 15:53:44,901] {subprocess.py:85} INFO - Output:
[2022-08-11 15:54:26,354] {subprocess.py:93} INFO - Command exited with return code 0
[2022-08-11 15:54:26,445] {taskinstance.py:1277} INFO - Marking task as SUCCESS. dag_id=LocalIngestionDag, task_id=wget, execution_date=20220102T060000, start_date=20220811T155344, end_date=20220811T155426
[2022-08-11 15:54:26,539] {local_task_job.py:154} INFO - Task exited with return code 0
[2022-08-11 15:54:26,659] {local_task_job.py:264} INFO - 1 downstream tasks scheduled from follow-on schedule check
