[2022-08-11 15:55:45,669] {taskinstance.py:1032} INFO - Dependencies all met for <TaskInstance: LocalIngestionDag.wget scheduled__2022-01-02T06:00:00+00:00 [queued]>
[2022-08-11 15:55:45,713] {taskinstance.py:1032} INFO - Dependencies all met for <TaskInstance: LocalIngestionDag.wget scheduled__2022-01-02T06:00:00+00:00 [queued]>
[2022-08-11 15:55:45,714] {taskinstance.py:1238} INFO - 
--------------------------------------------------------------------------------
[2022-08-11 15:55:45,716] {taskinstance.py:1239} INFO - Starting attempt 4 of 4
[2022-08-11 15:55:45,717] {taskinstance.py:1240} INFO - 
--------------------------------------------------------------------------------
[2022-08-11 15:55:45,761] {taskinstance.py:1259} INFO - Executing <Task(BashOperator): wget> on 2022-01-02 06:00:00+00:00
[2022-08-11 15:55:45,766] {standard_task_runner.py:52} INFO - Started process 550 to run task
[2022-08-11 15:55:45,775] {standard_task_runner.py:76} INFO - Running: ['***', 'tasks', 'run', 'LocalIngestionDag', 'wget', 'scheduled__2022-01-02T06:00:00+00:00', '--job-id', '28', '--raw', '--subdir', 'DAGS_FOLDER/data_ingestion_local.py', '--cfg-path', '/tmp/tmpbp3c4zr9', '--error-file', '/tmp/tmpk9u9eyx6']
[2022-08-11 15:55:45,780] {standard_task_runner.py:77} INFO - Job 28: Subtask wget
[2022-08-11 15:55:45,921] {logging_mixin.py:109} INFO - Running <TaskInstance: LocalIngestionDag.wget scheduled__2022-01-02T06:00:00+00:00 [running]> on host cdc85d7e6248
[2022-08-11 15:55:46,074] {taskinstance.py:1426} INFO - Exporting the following env vars:
AIRFLOW_CTX_DAG_OWNER=***
AIRFLOW_CTX_DAG_ID=LocalIngestionDag
AIRFLOW_CTX_TASK_ID=wget
AIRFLOW_CTX_EXECUTION_DATE=2022-01-02T06:00:00+00:00
AIRFLOW_CTX_DAG_RUN_ID=scheduled__2022-01-02T06:00:00+00:00
[2022-08-11 15:55:46,080] {subprocess.py:62} INFO - Tmp dir root location: 
 /tmp
[2022-08-11 15:55:46,083] {subprocess.py:74} INFO - Running command: ['bash', '-c', 'curl -sSL https://github.com/DataTalksClub/nyc-tlc-data/releases/download/yellow/yellow_tripdata_2020-01.csv.gz > /opt/***/output.gz']
[2022-08-11 15:55:46,095] {subprocess.py:85} INFO - Output:
[2022-08-11 15:56:10,630] {subprocess.py:93} INFO - Command exited with return code 0
[2022-08-11 15:56:10,709] {taskinstance.py:1277} INFO - Marking task as SUCCESS. dag_id=LocalIngestionDag, task_id=wget, execution_date=20220102T060000, start_date=20220811T155545, end_date=20220811T155610
[2022-08-11 15:56:10,780] {local_task_job.py:154} INFO - Task exited with return code 0
[2022-08-11 15:56:10,904] {local_task_job.py:264} INFO - 1 downstream tasks scheduled from follow-on schedule check
