[2022-08-11 17:22:06,917] {taskinstance.py:1032} INFO - Dependencies all met for <TaskInstance: LocalIngestionDag.wget scheduled__2022-01-02T06:00:00+00:00 [queued]>
[2022-08-11 17:22:06,958] {taskinstance.py:1032} INFO - Dependencies all met for <TaskInstance: LocalIngestionDag.wget scheduled__2022-01-02T06:00:00+00:00 [queued]>
[2022-08-11 17:22:06,960] {taskinstance.py:1238} INFO - 
--------------------------------------------------------------------------------
[2022-08-11 17:22:06,961] {taskinstance.py:1239} INFO - Starting attempt 9 of 9
[2022-08-11 17:22:06,962] {taskinstance.py:1240} INFO - 
--------------------------------------------------------------------------------
[2022-08-11 17:22:07,002] {taskinstance.py:1259} INFO - Executing <Task(BashOperator): wget> on 2022-01-02 06:00:00+00:00
[2022-08-11 17:22:07,008] {standard_task_runner.py:52} INFO - Started process 6169 to run task
[2022-08-11 17:22:07,016] {standard_task_runner.py:76} INFO - Running: ['***', 'tasks', 'run', 'LocalIngestionDag', 'wget', 'scheduled__2022-01-02T06:00:00+00:00', '--job-id', '51', '--raw', '--subdir', 'DAGS_FOLDER/data_ingestion_local.py', '--cfg-path', '/tmp/tmprabq7gaa', '--error-file', '/tmp/tmpq3gt519_']
[2022-08-11 17:22:07,019] {standard_task_runner.py:77} INFO - Job 51: Subtask wget
[2022-08-11 17:22:07,150] {logging_mixin.py:109} INFO - Running <TaskInstance: LocalIngestionDag.wget scheduled__2022-01-02T06:00:00+00:00 [running]> on host cdc85d7e6248
[2022-08-11 17:22:07,304] {logging_mixin.py:109} WARNING - /home/***/.local/lib/python3.7/site-packages/***/utils/context.py:152 AirflowContextDeprecationWarning: Accessing 'execution_date' from the template is deprecated and will be removed in a future version. Please use 'data_interval_start' or 'logical_date' instead.
[2022-08-11 17:22:07,341] {taskinstance.py:1426} INFO - Exporting the following env vars:
AIRFLOW_CTX_DAG_OWNER=***
AIRFLOW_CTX_DAG_ID=LocalIngestionDag
AIRFLOW_CTX_TASK_ID=wget
AIRFLOW_CTX_EXECUTION_DATE=2022-01-02T06:00:00+00:00
AIRFLOW_CTX_DAG_RUN_ID=scheduled__2022-01-02T06:00:00+00:00
[2022-08-11 17:22:07,346] {subprocess.py:62} INFO - Tmp dir root location: 
 /tmp
[2022-08-11 17:22:07,349] {subprocess.py:74} INFO - Running command: ['bash', '-c', 'curl -sSL https://github.com/DataTalksClub/nyc-tlc-data/releases/download/yellow/yellow_tripdata_2021_01.csv.gz > /opt/***/output_2021-01.csv.gz']
[2022-08-11 17:22:07,360] {subprocess.py:85} INFO - Output:
[2022-08-11 17:22:08,012] {subprocess.py:93} INFO - Command exited with return code 0
[2022-08-11 17:22:08,075] {taskinstance.py:1277} INFO - Marking task as SUCCESS. dag_id=LocalIngestionDag, task_id=wget, execution_date=20220102T060000, start_date=20220811T172206, end_date=20220811T172208
[2022-08-11 17:22:08,126] {local_task_job.py:154} INFO - Task exited with return code 0
[2022-08-11 17:22:08,237] {local_task_job.py:264} INFO - 1 downstream tasks scheduled from follow-on schedule check
