[2022-08-11 21:11:27,442] {processor.py:163} INFO - Started process (PID=988) to work on /opt/airflow/dags/review.py
[2022-08-11 21:11:27,446] {processor.py:642} INFO - Processing file /opt/airflow/dags/review.py for tasks to queue
[2022-08-11 21:11:27,449] {logging_mixin.py:109} INFO - [2022-08-11 21:11:27,449] {dagbag.py:500} INFO - Filling up the DagBag from /opt/airflow/dags/review.py
[2022-08-11 21:11:30,634] {processor.py:654} INFO - DAG(s) dict_keys(['data_ingestion_gcs_dag_homework_q1q2']) retrieved from /opt/airflow/dags/review.py
[2022-08-11 21:11:42,270] {logging_mixin.py:109} INFO - [2022-08-11 21:11:42,270] {manager.py:496} INFO - Created Permission View: can edit on DAG:data_ingestion_gcs_dag_homework_q1q2
[2022-08-11 21:11:42,297] {logging_mixin.py:109} INFO - [2022-08-11 21:11:42,297] {manager.py:496} INFO - Created Permission View: can read on DAG:data_ingestion_gcs_dag_homework_q1q2
[2022-08-11 21:11:42,301] {logging_mixin.py:109} INFO - [2022-08-11 21:11:42,300] {dag.py:2396} INFO - Sync 1 DAGs
[2022-08-11 21:11:42,332] {logging_mixin.py:109} INFO - [2022-08-11 21:11:42,331] {dag.py:2415} INFO - Creating ORM DAG for data_ingestion_gcs_dag_homework_q1q2
[2022-08-11 21:11:42,369] {logging_mixin.py:109} INFO - [2022-08-11 21:11:42,368] {dag.py:2935} INFO - Setting next_dagrun for data_ingestion_gcs_dag_homework_q1q2 to 2019-01-02 06:00:00+00:00
[2022-08-11 21:11:42,405] {processor.py:171} INFO - Processing /opt/airflow/dags/review.py took 14.971 seconds
[2022-08-11 21:12:13,094] {processor.py:163} INFO - Started process (PID=1050) to work on /opt/airflow/dags/review.py
[2022-08-11 21:12:13,098] {processor.py:642} INFO - Processing file /opt/airflow/dags/review.py for tasks to queue
[2022-08-11 21:12:13,101] {logging_mixin.py:109} INFO - [2022-08-11 21:12:13,101] {dagbag.py:500} INFO - Filling up the DagBag from /opt/airflow/dags/review.py
[2022-08-11 21:12:16,103] {processor.py:654} INFO - DAG(s) dict_keys(['data_ingestion_gcs_dag_homework_q1q2']) retrieved from /opt/airflow/dags/review.py
[2022-08-11 21:12:16,138] {logging_mixin.py:109} INFO - [2022-08-11 21:12:16,137] {dag.py:2396} INFO - Sync 1 DAGs
[2022-08-11 21:12:16,199] {logging_mixin.py:109} INFO - [2022-08-11 21:12:16,198] {dag.py:2935} INFO - Setting next_dagrun for data_ingestion_gcs_dag_homework_q1q2 to 2019-01-02 06:00:00+00:00
[2022-08-11 21:12:16,220] {processor.py:171} INFO - Processing /opt/airflow/dags/review.py took 3.135 seconds
[2022-08-11 21:12:46,759] {processor.py:163} INFO - Started process (PID=1116) to work on /opt/airflow/dags/review.py
[2022-08-11 21:12:46,764] {processor.py:642} INFO - Processing file /opt/airflow/dags/review.py for tasks to queue
[2022-08-11 21:12:46,767] {logging_mixin.py:109} INFO - [2022-08-11 21:12:46,766] {dagbag.py:500} INFO - Filling up the DagBag from /opt/airflow/dags/review.py
[2022-08-11 21:12:49,797] {processor.py:654} INFO - DAG(s) dict_keys(['data_ingestion_gcs_dag_homework_q1q2']) retrieved from /opt/airflow/dags/review.py
[2022-08-11 21:12:49,836] {logging_mixin.py:109} INFO - [2022-08-11 21:12:49,835] {dag.py:2396} INFO - Sync 1 DAGs
[2022-08-11 21:12:49,900] {logging_mixin.py:109} INFO - [2022-08-11 21:12:49,899] {dag.py:2935} INFO - Setting next_dagrun for data_ingestion_gcs_dag_homework_q1q2 to 2019-01-02 06:00:00+00:00
[2022-08-11 21:12:49,923] {processor.py:171} INFO - Processing /opt/airflow/dags/review.py took 3.172 seconds
[2022-08-11 21:13:20,385] {processor.py:163} INFO - Started process (PID=1151) to work on /opt/airflow/dags/review.py
[2022-08-11 21:13:20,389] {processor.py:642} INFO - Processing file /opt/airflow/dags/review.py for tasks to queue
[2022-08-11 21:13:20,392] {logging_mixin.py:109} INFO - [2022-08-11 21:13:20,391] {dagbag.py:500} INFO - Filling up the DagBag from /opt/airflow/dags/review.py
[2022-08-11 21:13:23,065] {processor.py:654} INFO - DAG(s) dict_keys(['data_ingestion_gcs_dag_homework_q1q2']) retrieved from /opt/airflow/dags/review.py
[2022-08-11 21:13:23,098] {logging_mixin.py:109} INFO - [2022-08-11 21:13:23,097] {dag.py:2396} INFO - Sync 1 DAGs
[2022-08-11 21:13:23,150] {logging_mixin.py:109} INFO - [2022-08-11 21:13:23,150] {dag.py:2935} INFO - Setting next_dagrun for data_ingestion_gcs_dag_homework_q1q2 to 2019-01-02 06:00:00+00:00
[2022-08-11 21:13:23,172] {processor.py:171} INFO - Processing /opt/airflow/dags/review.py took 2.793 seconds
[2022-08-11 21:13:53,993] {processor.py:163} INFO - Started process (PID=1203) to work on /opt/airflow/dags/review.py
[2022-08-11 21:13:53,998] {processor.py:642} INFO - Processing file /opt/airflow/dags/review.py for tasks to queue
[2022-08-11 21:13:54,000] {logging_mixin.py:109} INFO - [2022-08-11 21:13:54,000] {dagbag.py:500} INFO - Filling up the DagBag from /opt/airflow/dags/review.py
[2022-08-11 21:13:56,590] {processor.py:654} INFO - DAG(s) dict_keys(['data_ingestion_gcs_dag_homework_q1q2']) retrieved from /opt/airflow/dags/review.py
[2022-08-11 21:13:56,624] {logging_mixin.py:109} INFO - [2022-08-11 21:13:56,623] {dag.py:2396} INFO - Sync 1 DAGs
[2022-08-11 21:13:56,676] {logging_mixin.py:109} INFO - [2022-08-11 21:13:56,676] {dag.py:2935} INFO - Setting next_dagrun for data_ingestion_gcs_dag_homework_q1q2 to 2019-01-02 06:00:00+00:00
[2022-08-11 21:13:56,696] {processor.py:171} INFO - Processing /opt/airflow/dags/review.py took 2.711 seconds
[2022-08-11 21:14:27,025] {processor.py:163} INFO - Started process (PID=1256) to work on /opt/airflow/dags/review.py
[2022-08-11 21:14:27,030] {processor.py:642} INFO - Processing file /opt/airflow/dags/review.py for tasks to queue
[2022-08-11 21:14:27,033] {logging_mixin.py:109} INFO - [2022-08-11 21:14:27,032] {dagbag.py:500} INFO - Filling up the DagBag from /opt/airflow/dags/review.py
[2022-08-11 21:14:30,028] {processor.py:654} INFO - DAG(s) dict_keys(['data_ingestion_gcs_dag_homework_q1q2']) retrieved from /opt/airflow/dags/review.py
[2022-08-11 21:14:30,066] {logging_mixin.py:109} INFO - [2022-08-11 21:14:30,065] {dag.py:2396} INFO - Sync 1 DAGs
[2022-08-11 21:14:30,130] {logging_mixin.py:109} INFO - [2022-08-11 21:14:30,130] {dag.py:2935} INFO - Setting next_dagrun for data_ingestion_gcs_dag_homework_q1q2 to 2019-01-02 06:00:00+00:00
[2022-08-11 21:14:30,154] {processor.py:171} INFO - Processing /opt/airflow/dags/review.py took 3.136 seconds
[2022-08-11 21:15:00,469] {processor.py:163} INFO - Started process (PID=1302) to work on /opt/airflow/dags/review.py
[2022-08-11 21:15:00,473] {processor.py:642} INFO - Processing file /opt/airflow/dags/review.py for tasks to queue
[2022-08-11 21:15:00,476] {logging_mixin.py:109} INFO - [2022-08-11 21:15:00,476] {dagbag.py:500} INFO - Filling up the DagBag from /opt/airflow/dags/review.py
[2022-08-11 21:15:03,564] {processor.py:654} INFO - DAG(s) dict_keys(['data_ingestion_gcs_dag_homework_q1q2']) retrieved from /opt/airflow/dags/review.py
[2022-08-11 21:15:03,604] {logging_mixin.py:109} INFO - [2022-08-11 21:15:03,603] {dag.py:2396} INFO - Sync 1 DAGs
[2022-08-11 21:15:03,662] {logging_mixin.py:109} INFO - [2022-08-11 21:15:03,661] {dag.py:2935} INFO - Setting next_dagrun for data_ingestion_gcs_dag_homework_q1q2 to 2019-01-02 06:00:00+00:00
[2022-08-11 21:15:03,686] {processor.py:171} INFO - Processing /opt/airflow/dags/review.py took 3.224 seconds
[2022-08-11 21:15:34,016] {processor.py:163} INFO - Started process (PID=1344) to work on /opt/airflow/dags/review.py
[2022-08-11 21:15:34,021] {processor.py:642} INFO - Processing file /opt/airflow/dags/review.py for tasks to queue
[2022-08-11 21:15:34,024] {logging_mixin.py:109} INFO - [2022-08-11 21:15:34,024] {dagbag.py:500} INFO - Filling up the DagBag from /opt/airflow/dags/review.py
[2022-08-11 21:15:36,794] {processor.py:654} INFO - DAG(s) dict_keys(['data_ingestion_gcs_dag_homework_q1q2']) retrieved from /opt/airflow/dags/review.py
[2022-08-11 21:15:36,833] {logging_mixin.py:109} INFO - [2022-08-11 21:15:36,832] {dag.py:2396} INFO - Sync 1 DAGs
[2022-08-11 21:15:36,884] {logging_mixin.py:109} INFO - [2022-08-11 21:15:36,884] {dag.py:2935} INFO - Setting next_dagrun for data_ingestion_gcs_dag_homework_q1q2 to 2019-01-02 06:00:00+00:00
[2022-08-11 21:15:36,907] {processor.py:171} INFO - Processing /opt/airflow/dags/review.py took 2.899 seconds
[2022-08-11 21:16:07,064] {processor.py:163} INFO - Started process (PID=1402) to work on /opt/airflow/dags/review.py
[2022-08-11 21:16:07,069] {processor.py:642} INFO - Processing file /opt/airflow/dags/review.py for tasks to queue
[2022-08-11 21:16:07,072] {logging_mixin.py:109} INFO - [2022-08-11 21:16:07,071] {dagbag.py:500} INFO - Filling up the DagBag from /opt/airflow/dags/review.py
[2022-08-11 21:16:10,533] {processor.py:654} INFO - DAG(s) dict_keys(['data_ingestion_gcs_dag_homework_q1q2']) retrieved from /opt/airflow/dags/review.py
[2022-08-11 21:16:10,585] {logging_mixin.py:109} INFO - [2022-08-11 21:16:10,584] {dag.py:2396} INFO - Sync 1 DAGs
[2022-08-11 21:16:10,678] {logging_mixin.py:109} INFO - [2022-08-11 21:16:10,678] {dag.py:2935} INFO - Setting next_dagrun for data_ingestion_gcs_dag_homework_q1q2 to 2019-01-02 06:00:00+00:00
[2022-08-11 21:16:10,709] {processor.py:171} INFO - Processing /opt/airflow/dags/review.py took 3.652 seconds
[2022-08-11 21:16:41,110] {processor.py:163} INFO - Started process (PID=1454) to work on /opt/airflow/dags/review.py
[2022-08-11 21:16:41,115] {processor.py:642} INFO - Processing file /opt/airflow/dags/review.py for tasks to queue
[2022-08-11 21:16:41,117] {logging_mixin.py:109} INFO - [2022-08-11 21:16:41,117] {dagbag.py:500} INFO - Filling up the DagBag from /opt/airflow/dags/review.py
[2022-08-11 21:16:44,267] {processor.py:654} INFO - DAG(s) dict_keys(['data_ingestion_gcs_dag_homework_q1q2']) retrieved from /opt/airflow/dags/review.py
[2022-08-11 21:16:44,312] {logging_mixin.py:109} INFO - [2022-08-11 21:16:44,310] {dag.py:2396} INFO - Sync 1 DAGs
[2022-08-11 21:16:44,388] {logging_mixin.py:109} INFO - [2022-08-11 21:16:44,388] {dag.py:2935} INFO - Setting next_dagrun for data_ingestion_gcs_dag_homework_q1q2 to 2019-01-02 06:00:00+00:00
[2022-08-11 21:16:44,416] {processor.py:171} INFO - Processing /opt/airflow/dags/review.py took 3.314 seconds
[2022-08-11 21:17:14,773] {processor.py:163} INFO - Started process (PID=1500) to work on /opt/airflow/dags/review.py
[2022-08-11 21:17:14,777] {processor.py:642} INFO - Processing file /opt/airflow/dags/review.py for tasks to queue
[2022-08-11 21:17:14,780] {logging_mixin.py:109} INFO - [2022-08-11 21:17:14,780] {dagbag.py:500} INFO - Filling up the DagBag from /opt/airflow/dags/review.py
[2022-08-11 21:17:18,435] {processor.py:654} INFO - DAG(s) dict_keys(['data_ingestion_gcs_dag_homework_q1q2']) retrieved from /opt/airflow/dags/review.py
[2022-08-11 21:17:18,489] {logging_mixin.py:109} INFO - [2022-08-11 21:17:18,487] {dag.py:2396} INFO - Sync 1 DAGs
[2022-08-11 21:17:18,562] {logging_mixin.py:109} INFO - [2022-08-11 21:17:18,561] {dag.py:2935} INFO - Setting next_dagrun for data_ingestion_gcs_dag_homework_q1q2 to 2019-01-02 06:00:00+00:00
[2022-08-11 21:17:18,598] {processor.py:171} INFO - Processing /opt/airflow/dags/review.py took 3.834 seconds
[2022-08-11 21:17:48,876] {processor.py:163} INFO - Started process (PID=1582) to work on /opt/airflow/dags/review.py
[2022-08-11 21:17:48,880] {processor.py:642} INFO - Processing file /opt/airflow/dags/review.py for tasks to queue
[2022-08-11 21:17:48,883] {logging_mixin.py:109} INFO - [2022-08-11 21:17:48,882] {dagbag.py:500} INFO - Filling up the DagBag from /opt/airflow/dags/review.py
[2022-08-11 21:17:52,262] {processor.py:654} INFO - DAG(s) dict_keys(['data_ingestion_gcs_dag_homework_q1q2']) retrieved from /opt/airflow/dags/review.py
[2022-08-11 21:17:52,300] {logging_mixin.py:109} INFO - [2022-08-11 21:17:52,299] {dag.py:2396} INFO - Sync 1 DAGs
[2022-08-11 21:17:52,354] {logging_mixin.py:109} INFO - [2022-08-11 21:17:52,353] {dag.py:2935} INFO - Setting next_dagrun for data_ingestion_gcs_dag_homework_q1q2 to 2019-01-02 06:00:00+00:00
[2022-08-11 21:17:52,374] {processor.py:171} INFO - Processing /opt/airflow/dags/review.py took 3.507 seconds
[2022-08-11 21:18:23,353] {processor.py:163} INFO - Started process (PID=1647) to work on /opt/airflow/dags/review.py
[2022-08-11 21:18:23,358] {processor.py:642} INFO - Processing file /opt/airflow/dags/review.py for tasks to queue
[2022-08-11 21:18:23,362] {logging_mixin.py:109} INFO - [2022-08-11 21:18:23,362] {dagbag.py:500} INFO - Filling up the DagBag from /opt/airflow/dags/review.py
[2022-08-11 21:18:28,386] {processor.py:654} INFO - DAG(s) dict_keys(['data_ingestion_gcs_dag_homework_q1q2']) retrieved from /opt/airflow/dags/review.py
[2022-08-11 21:18:28,438] {logging_mixin.py:109} INFO - [2022-08-11 21:18:28,436] {dag.py:2396} INFO - Sync 1 DAGs
[2022-08-11 21:18:28,507] {logging_mixin.py:109} INFO - [2022-08-11 21:18:28,507] {dag.py:2935} INFO - Setting next_dagrun for data_ingestion_gcs_dag_homework_q1q2 to 2019-01-02 06:00:00+00:00
[2022-08-11 21:18:28,537] {processor.py:171} INFO - Processing /opt/airflow/dags/review.py took 5.198 seconds
[2022-08-11 21:18:58,955] {processor.py:163} INFO - Started process (PID=1715) to work on /opt/airflow/dags/review.py
[2022-08-11 21:18:58,960] {processor.py:642} INFO - Processing file /opt/airflow/dags/review.py for tasks to queue
[2022-08-11 21:18:58,962] {logging_mixin.py:109} INFO - [2022-08-11 21:18:58,962] {dagbag.py:500} INFO - Filling up the DagBag from /opt/airflow/dags/review.py
[2022-08-11 21:19:03,064] {processor.py:654} INFO - DAG(s) dict_keys(['data_ingestion_gcs_dag_homework_q1q2']) retrieved from /opt/airflow/dags/review.py
[2022-08-11 21:19:03,113] {logging_mixin.py:109} INFO - [2022-08-11 21:19:03,112] {dag.py:2396} INFO - Sync 1 DAGs
[2022-08-11 21:19:03,208] {logging_mixin.py:109} INFO - [2022-08-11 21:19:03,208] {dag.py:2935} INFO - Setting next_dagrun for data_ingestion_gcs_dag_homework_q1q2 to 2019-01-02 06:00:00+00:00
[2022-08-11 21:19:03,242] {processor.py:171} INFO - Processing /opt/airflow/dags/review.py took 4.295 seconds
[2022-08-11 21:19:33,623] {processor.py:163} INFO - Started process (PID=1751) to work on /opt/airflow/dags/review.py
[2022-08-11 21:19:33,626] {processor.py:642} INFO - Processing file /opt/airflow/dags/review.py for tasks to queue
[2022-08-11 21:19:33,629] {logging_mixin.py:109} INFO - [2022-08-11 21:19:33,629] {dagbag.py:500} INFO - Filling up the DagBag from /opt/airflow/dags/review.py
[2022-08-11 21:19:36,694] {processor.py:654} INFO - DAG(s) dict_keys(['data_ingestion_gcs_dag_homework_q1q2']) retrieved from /opt/airflow/dags/review.py
[2022-08-11 21:19:36,735] {logging_mixin.py:109} INFO - [2022-08-11 21:19:36,733] {dag.py:2396} INFO - Sync 1 DAGs
[2022-08-11 21:19:36,797] {logging_mixin.py:109} INFO - [2022-08-11 21:19:36,796] {dag.py:2935} INFO - Setting next_dagrun for data_ingestion_gcs_dag_homework_q1q2 to 2019-01-02 06:00:00+00:00
[2022-08-11 21:19:36,821] {processor.py:171} INFO - Processing /opt/airflow/dags/review.py took 3.209 seconds
[2022-08-11 21:20:07,337] {processor.py:163} INFO - Started process (PID=1803) to work on /opt/airflow/dags/review.py
[2022-08-11 21:20:07,341] {processor.py:642} INFO - Processing file /opt/airflow/dags/review.py for tasks to queue
[2022-08-11 21:20:07,343] {logging_mixin.py:109} INFO - [2022-08-11 21:20:07,343] {dagbag.py:500} INFO - Filling up the DagBag from /opt/airflow/dags/review.py
[2022-08-11 21:20:10,051] {processor.py:654} INFO - DAG(s) dict_keys(['data_ingestion_gcs_dag_homework_q1q2']) retrieved from /opt/airflow/dags/review.py
[2022-08-11 21:20:10,084] {logging_mixin.py:109} INFO - [2022-08-11 21:20:10,083] {dag.py:2396} INFO - Sync 1 DAGs
[2022-08-11 21:20:10,136] {logging_mixin.py:109} INFO - [2022-08-11 21:20:10,136] {dag.py:2935} INFO - Setting next_dagrun for data_ingestion_gcs_dag_homework_q1q2 to 2019-01-02 06:00:00+00:00
[2022-08-11 21:20:10,157] {processor.py:171} INFO - Processing /opt/airflow/dags/review.py took 2.827 seconds
[2022-08-11 21:20:40,531] {processor.py:163} INFO - Started process (PID=1855) to work on /opt/airflow/dags/review.py
[2022-08-11 21:20:40,537] {processor.py:642} INFO - Processing file /opt/airflow/dags/review.py for tasks to queue
[2022-08-11 21:20:40,540] {logging_mixin.py:109} INFO - [2022-08-11 21:20:40,540] {dagbag.py:500} INFO - Filling up the DagBag from /opt/airflow/dags/review.py
[2022-08-11 21:20:43,696] {processor.py:654} INFO - DAG(s) dict_keys(['data_ingestion_gcs_dag_homework_q1q2']) retrieved from /opt/airflow/dags/review.py
[2022-08-11 21:20:43,734] {logging_mixin.py:109} INFO - [2022-08-11 21:20:43,733] {dag.py:2396} INFO - Sync 1 DAGs
[2022-08-11 21:20:43,798] {logging_mixin.py:109} INFO - [2022-08-11 21:20:43,797] {dag.py:2935} INFO - Setting next_dagrun for data_ingestion_gcs_dag_homework_q1q2 to 2019-01-02 06:00:00+00:00
[2022-08-11 21:20:43,821] {processor.py:171} INFO - Processing /opt/airflow/dags/review.py took 3.303 seconds
[2022-08-11 21:21:14,466] {processor.py:163} INFO - Started process (PID=1901) to work on /opt/airflow/dags/review.py
[2022-08-11 21:21:14,471] {processor.py:642} INFO - Processing file /opt/airflow/dags/review.py for tasks to queue
[2022-08-11 21:21:14,474] {logging_mixin.py:109} INFO - [2022-08-11 21:21:14,474] {dagbag.py:500} INFO - Filling up the DagBag from /opt/airflow/dags/review.py
[2022-08-11 21:21:17,709] {processor.py:654} INFO - DAG(s) dict_keys(['data_ingestion_gcs_dag_homework_q1q2']) retrieved from /opt/airflow/dags/review.py
[2022-08-11 21:21:17,744] {logging_mixin.py:109} INFO - [2022-08-11 21:21:17,743] {dag.py:2396} INFO - Sync 1 DAGs
[2022-08-11 21:21:17,806] {logging_mixin.py:109} INFO - [2022-08-11 21:21:17,805] {dag.py:2935} INFO - Setting next_dagrun for data_ingestion_gcs_dag_homework_q1q2 to 2019-01-02 06:00:00+00:00
[2022-08-11 21:21:17,830] {processor.py:171} INFO - Processing /opt/airflow/dags/review.py took 3.373 seconds
[2022-08-11 21:21:48,059] {processor.py:163} INFO - Started process (PID=1944) to work on /opt/airflow/dags/review.py
[2022-08-11 21:21:48,062] {processor.py:642} INFO - Processing file /opt/airflow/dags/review.py for tasks to queue
[2022-08-11 21:21:48,065] {logging_mixin.py:109} INFO - [2022-08-11 21:21:48,064] {dagbag.py:500} INFO - Filling up the DagBag from /opt/airflow/dags/review.py
[2022-08-11 21:21:50,807] {processor.py:654} INFO - DAG(s) dict_keys(['data_ingestion_gcs_dag_homework_q1q2']) retrieved from /opt/airflow/dags/review.py
[2022-08-11 21:21:50,841] {logging_mixin.py:109} INFO - [2022-08-11 21:21:50,841] {dag.py:2396} INFO - Sync 1 DAGs
[2022-08-11 21:21:50,893] {logging_mixin.py:109} INFO - [2022-08-11 21:21:50,893] {dag.py:2935} INFO - Setting next_dagrun for data_ingestion_gcs_dag_homework_q1q2 to 2019-01-02 06:00:00+00:00
[2022-08-11 21:21:50,913] {processor.py:171} INFO - Processing /opt/airflow/dags/review.py took 2.861 seconds
[2022-08-11 21:22:21,235] {processor.py:163} INFO - Started process (PID=1997) to work on /opt/airflow/dags/review.py
[2022-08-11 21:22:21,239] {processor.py:642} INFO - Processing file /opt/airflow/dags/review.py for tasks to queue
[2022-08-11 21:22:21,241] {logging_mixin.py:109} INFO - [2022-08-11 21:22:21,241] {dagbag.py:500} INFO - Filling up the DagBag from /opt/airflow/dags/review.py
[2022-08-11 21:22:23,805] {processor.py:654} INFO - DAG(s) dict_keys(['data_ingestion_gcs_dag_homework_q1q2']) retrieved from /opt/airflow/dags/review.py
[2022-08-11 21:22:23,840] {logging_mixin.py:109} INFO - [2022-08-11 21:22:23,839] {dag.py:2396} INFO - Sync 1 DAGs
[2022-08-11 21:22:23,893] {logging_mixin.py:109} INFO - [2022-08-11 21:22:23,893] {dag.py:2935} INFO - Setting next_dagrun for data_ingestion_gcs_dag_homework_q1q2 to 2019-01-02 06:00:00+00:00
[2022-08-11 21:22:23,913] {processor.py:171} INFO - Processing /opt/airflow/dags/review.py took 2.685 seconds
[2022-08-11 21:22:54,210] {processor.py:163} INFO - Started process (PID=2049) to work on /opt/airflow/dags/review.py
[2022-08-11 21:22:54,214] {processor.py:642} INFO - Processing file /opt/airflow/dags/review.py for tasks to queue
[2022-08-11 21:22:54,217] {logging_mixin.py:109} INFO - [2022-08-11 21:22:54,217] {dagbag.py:500} INFO - Filling up the DagBag from /opt/airflow/dags/review.py
[2022-08-11 21:22:57,089] {processor.py:654} INFO - DAG(s) dict_keys(['data_ingestion_gcs_dag_homework_q1q2']) retrieved from /opt/airflow/dags/review.py
[2022-08-11 21:22:57,125] {logging_mixin.py:109} INFO - [2022-08-11 21:22:57,124] {dag.py:2396} INFO - Sync 1 DAGs
[2022-08-11 21:22:57,187] {logging_mixin.py:109} INFO - [2022-08-11 21:22:57,187] {dag.py:2935} INFO - Setting next_dagrun for data_ingestion_gcs_dag_homework_q1q2 to 2019-01-02 06:00:00+00:00
[2022-08-11 21:22:57,212] {processor.py:171} INFO - Processing /opt/airflow/dags/review.py took 3.009 seconds
