[2022-08-10 22:02:26,571] {taskinstance.py:1032} INFO - Dependencies all met for <TaskInstance: LocalIngestionDag.wget manual__2022-08-10T22:02:23.282706+00:00 [queued]>
[2022-08-10 22:02:26,660] {taskinstance.py:1032} INFO - Dependencies all met for <TaskInstance: LocalIngestionDag.wget manual__2022-08-10T22:02:23.282706+00:00 [queued]>
[2022-08-10 22:02:26,662] {taskinstance.py:1238} INFO - 
--------------------------------------------------------------------------------
[2022-08-10 22:02:26,664] {taskinstance.py:1239} INFO - Starting attempt 1 of 1
[2022-08-10 22:02:26,665] {taskinstance.py:1240} INFO - 
--------------------------------------------------------------------------------
[2022-08-10 22:02:26,741] {taskinstance.py:1259} INFO - Executing <Task(BashOperator): wget> on 2022-08-10 22:02:23.282706+00:00
[2022-08-10 22:02:26,759] {standard_task_runner.py:52} INFO - Started process 444 to run task
[2022-08-10 22:02:26,769] {standard_task_runner.py:76} INFO - Running: ['***', 'tasks', 'run', 'LocalIngestionDag', 'wget', 'manual__2022-08-10T22:02:23.282706+00:00', '--job-id', '4', '--raw', '--subdir', 'DAGS_FOLDER/data_ingestion_local.py', '--cfg-path', '/tmp/tmpnq1kcwh6', '--error-file', '/tmp/tmpa7guyabi']
[2022-08-10 22:02:26,778] {standard_task_runner.py:77} INFO - Job 4: Subtask wget
[2022-08-10 22:02:27,004] {logging_mixin.py:109} INFO - Running <TaskInstance: LocalIngestionDag.wget manual__2022-08-10T22:02:23.282706+00:00 [running]> on host 2e27409292ca
[2022-08-10 22:02:27,455] {taskinstance.py:1426} INFO - Exporting the following env vars:
AIRFLOW_CTX_DAG_OWNER=***
AIRFLOW_CTX_DAG_ID=LocalIngestionDag
AIRFLOW_CTX_TASK_ID=wget
AIRFLOW_CTX_EXECUTION_DATE=2022-08-10T22:02:23.282706+00:00
AIRFLOW_CTX_DAG_RUN_ID=manual__2022-08-10T22:02:23.282706+00:00
[2022-08-10 22:02:27,464] {subprocess.py:62} INFO - Tmp dir root location: 
 /tmp
[2022-08-10 22:02:27,477] {subprocess.py:74} INFO - Running command: ['bash', '-c', 'echo hello world']
[2022-08-10 22:02:27,510] {subprocess.py:85} INFO - Output:
[2022-08-10 22:02:27,738] {subprocess.py:89} INFO - hello world
[2022-08-10 22:02:27,742] {subprocess.py:93} INFO - Command exited with return code 0
[2022-08-10 22:02:27,954] {taskinstance.py:1277} INFO - Marking task as SUCCESS. dag_id=LocalIngestionDag, task_id=wget, execution_date=20220810T220223, start_date=20220810T220226, end_date=20220810T220227
[2022-08-10 22:02:28,199] {local_task_job.py:154} INFO - Task exited with return code 0
[2022-08-10 22:02:29,201] {local_task_job.py:264} INFO - 0 downstream tasks scheduled from follow-on schedule check
