[2022-08-11 20:09:51,131] {taskinstance.py:1032} INFO - Dependencies all met for <TaskInstance: data_ingestion_gcs_dag.gzip scheduled__2022-08-10T00:00:00+00:00 [queued]>
[2022-08-11 20:09:51,173] {taskinstance.py:1032} INFO - Dependencies all met for <TaskInstance: data_ingestion_gcs_dag.gzip scheduled__2022-08-10T00:00:00+00:00 [queued]>
[2022-08-11 20:09:51,176] {taskinstance.py:1238} INFO - 
--------------------------------------------------------------------------------
[2022-08-11 20:09:51,177] {taskinstance.py:1239} INFO - Starting attempt 1 of 2
[2022-08-11 20:09:51,180] {taskinstance.py:1240} INFO - 
--------------------------------------------------------------------------------
[2022-08-11 20:09:51,223] {taskinstance.py:1259} INFO - Executing <Task(BashOperator): gzip> on 2022-08-10 00:00:00+00:00
[2022-08-11 20:09:51,248] {standard_task_runner.py:52} INFO - Started process 458 to run task
[2022-08-11 20:09:51,259] {standard_task_runner.py:76} INFO - Running: ['***', 'tasks', 'run', 'data_ingestion_gcs_dag', 'gzip', 'scheduled__2022-08-10T00:00:00+00:00', '--job-id', '76', '--raw', '--subdir', 'DAGS_FOLDER/data_ingestion_gpc.py', '--cfg-path', '/tmp/tmpbf1j1oqp', '--error-file', '/tmp/tmpx2bixmcj']
[2022-08-11 20:09:51,262] {standard_task_runner.py:77} INFO - Job 76: Subtask gzip
[2022-08-11 20:09:51,390] {logging_mixin.py:109} INFO - Running <TaskInstance: data_ingestion_gcs_dag.gzip scheduled__2022-08-10T00:00:00+00:00 [running]> on host a96959784c93
[2022-08-11 20:09:51,571] {taskinstance.py:1426} INFO - Exporting the following env vars:
AIRFLOW_CTX_DAG_OWNER=***
AIRFLOW_CTX_DAG_ID=data_ingestion_gcs_dag
AIRFLOW_CTX_TASK_ID=gzip
AIRFLOW_CTX_EXECUTION_DATE=2022-08-10T00:00:00+00:00
AIRFLOW_CTX_DAG_RUN_ID=scheduled__2022-08-10T00:00:00+00:00
[2022-08-11 20:09:51,577] {subprocess.py:62} INFO - Tmp dir root location: 
 /tmp
[2022-08-11 20:09:51,584] {subprocess.py:74} INFO - Running command: ['bash', '-c', 'gunzip /opt/***/yellow_tripdata_2021-01.csv.gz']
[2022-08-11 20:09:51,604] {subprocess.py:85} INFO - Output:
[2022-08-11 20:09:53,358] {subprocess.py:93} INFO - Command exited with return code 0
[2022-08-11 20:09:53,516] {taskinstance.py:1277} INFO - Marking task as SUCCESS. dag_id=data_ingestion_gcs_dag, task_id=gzip, execution_date=20220810T000000, start_date=20220811T200951, end_date=20220811T200953
[2022-08-11 20:09:53,644] {local_task_job.py:154} INFO - Task exited with return code 0
[2022-08-11 20:09:53,807] {local_task_job.py:264} INFO - 1 downstream tasks scheduled from follow-on schedule check
