[2022-08-11 20:22:43,103] {taskinstance.py:1032} INFO - Dependencies all met for <TaskInstance: data_ingestion_gcs_dag.gzip scheduled__2022-08-10T00:00:00+00:00 [queued]>
[2022-08-11 20:22:43,162] {taskinstance.py:1032} INFO - Dependencies all met for <TaskInstance: data_ingestion_gcs_dag.gzip scheduled__2022-08-10T00:00:00+00:00 [queued]>
[2022-08-11 20:22:43,164] {taskinstance.py:1238} INFO - 
--------------------------------------------------------------------------------
[2022-08-11 20:22:43,166] {taskinstance.py:1239} INFO - Starting attempt 3 of 4
[2022-08-11 20:22:43,167] {taskinstance.py:1240} INFO - 
--------------------------------------------------------------------------------
[2022-08-11 20:22:43,222] {taskinstance.py:1259} INFO - Executing <Task(BashOperator): gzip> on 2022-08-10 00:00:00+00:00
[2022-08-11 20:22:43,245] {standard_task_runner.py:52} INFO - Started process 1487 to run task
[2022-08-11 20:22:43,257] {standard_task_runner.py:76} INFO - Running: ['***', 'tasks', 'run', 'data_ingestion_gcs_dag', 'gzip', 'scheduled__2022-08-10T00:00:00+00:00', '--job-id', '90', '--raw', '--subdir', 'DAGS_FOLDER/data_ingestion_gpc.py', '--cfg-path', '/tmp/tmp96_97e0m', '--error-file', '/tmp/tmpirl153l6']
[2022-08-11 20:22:43,261] {standard_task_runner.py:77} INFO - Job 90: Subtask gzip
[2022-08-11 20:22:43,424] {logging_mixin.py:109} INFO - Running <TaskInstance: data_ingestion_gcs_dag.gzip scheduled__2022-08-10T00:00:00+00:00 [running]> on host a96959784c93
[2022-08-11 20:22:43,578] {taskinstance.py:1426} INFO - Exporting the following env vars:
AIRFLOW_CTX_DAG_OWNER=***
AIRFLOW_CTX_DAG_ID=data_ingestion_gcs_dag
AIRFLOW_CTX_TASK_ID=gzip
AIRFLOW_CTX_EXECUTION_DATE=2022-08-10T00:00:00+00:00
AIRFLOW_CTX_DAG_RUN_ID=scheduled__2022-08-10T00:00:00+00:00
[2022-08-11 20:22:43,584] {subprocess.py:62} INFO - Tmp dir root location: 
 /tmp
[2022-08-11 20:22:43,587] {subprocess.py:74} INFO - Running command: ['bash', '-c', 'gunzip /opt/***/yellow_tripdata_2021-02.csv.gz']
[2022-08-11 20:22:43,605] {subprocess.py:85} INFO - Output:
[2022-08-11 20:22:45,313] {subprocess.py:93} INFO - Command exited with return code 0
[2022-08-11 20:22:45,471] {taskinstance.py:1277} INFO - Marking task as SUCCESS. dag_id=data_ingestion_gcs_dag, task_id=gzip, execution_date=20220810T000000, start_date=20220811T202243, end_date=20220811T202245
[2022-08-11 20:22:45,744] {local_task_job.py:154} INFO - Task exited with return code 0
[2022-08-11 20:22:46,014] {local_task_job.py:264} INFO - 1 downstream tasks scheduled from follow-on schedule check
