[2022-08-11 21:06:48,440] {taskinstance.py:1032} INFO - Dependencies all met for <TaskInstance: data_ingestion_gcs_dag.gzip scheduled__2022-08-10T00:00:00+00:00 [queued]>
[2022-08-11 21:06:48,477] {taskinstance.py:1032} INFO - Dependencies all met for <TaskInstance: data_ingestion_gcs_dag.gzip scheduled__2022-08-10T00:00:00+00:00 [queued]>
[2022-08-11 21:06:48,479] {taskinstance.py:1238} INFO - 
--------------------------------------------------------------------------------
[2022-08-11 21:06:48,480] {taskinstance.py:1239} INFO - Starting attempt 5 of 6
[2022-08-11 21:06:48,481] {taskinstance.py:1240} INFO - 
--------------------------------------------------------------------------------
[2022-08-11 21:06:48,521] {taskinstance.py:1259} INFO - Executing <Task(BashOperator): gzip> on 2022-08-10 00:00:00+00:00
[2022-08-11 21:06:48,534] {standard_task_runner.py:52} INFO - Started process 635 to run task
[2022-08-11 21:06:48,543] {standard_task_runner.py:76} INFO - Running: ['***', 'tasks', 'run', 'data_ingestion_gcs_dag', 'gzip', 'scheduled__2022-08-10T00:00:00+00:00', '--job-id', '107', '--raw', '--subdir', 'DAGS_FOLDER/data_gpc.py', '--cfg-path', '/tmp/tmprqzz8or1', '--error-file', '/tmp/tmpy_zyi7tt']
[2022-08-11 21:06:48,545] {standard_task_runner.py:77} INFO - Job 107: Subtask gzip
[2022-08-11 21:06:48,668] {logging_mixin.py:109} INFO - Running <TaskInstance: data_ingestion_gcs_dag.gzip scheduled__2022-08-10T00:00:00+00:00 [running]> on host 56d1ec0a6f2c
[2022-08-11 21:06:48,816] {taskinstance.py:1426} INFO - Exporting the following env vars:
AIRFLOW_CTX_DAG_OWNER=***
AIRFLOW_CTX_DAG_ID=data_ingestion_gcs_dag
AIRFLOW_CTX_TASK_ID=gzip
AIRFLOW_CTX_EXECUTION_DATE=2022-08-10T00:00:00+00:00
AIRFLOW_CTX_DAG_RUN_ID=scheduled__2022-08-10T00:00:00+00:00
[2022-08-11 21:06:48,822] {subprocess.py:62} INFO - Tmp dir root location: 
 /tmp
[2022-08-11 21:06:48,824] {subprocess.py:74} INFO - Running command: ['bash', '-c', 'gunzip /opt/***/yellow_tripdata_2021-03.csv.gz']
[2022-08-11 21:06:48,840] {subprocess.py:85} INFO - Output:
[2022-08-11 21:06:51,070] {subprocess.py:93} INFO - Command exited with return code 0
[2022-08-11 21:06:51,148] {taskinstance.py:1277} INFO - Marking task as SUCCESS. dag_id=data_ingestion_gcs_dag, task_id=gzip, execution_date=20220810T000000, start_date=20220811T210648, end_date=20220811T210651
[2022-08-11 21:06:51,226] {local_task_job.py:154} INFO - Task exited with return code 0
[2022-08-11 21:06:51,437] {local_task_job.py:264} INFO - 0 downstream tasks scheduled from follow-on schedule check
