[2022-08-11 21:18:56,394] {taskinstance.py:1032} INFO - Dependencies all met for <TaskInstance: data_ingestion_gcs_dag.bigquery_external_table_task scheduled__2022-08-10T00:00:00+00:00 [queued]>
[2022-08-11 21:18:56,437] {taskinstance.py:1032} INFO - Dependencies all met for <TaskInstance: data_ingestion_gcs_dag.bigquery_external_table_task scheduled__2022-08-10T00:00:00+00:00 [queued]>
[2022-08-11 21:18:56,438] {taskinstance.py:1238} INFO - 
--------------------------------------------------------------------------------
[2022-08-11 21:18:56,439] {taskinstance.py:1239} INFO - Starting attempt 8 of 9
[2022-08-11 21:18:56,443] {taskinstance.py:1240} INFO - 
--------------------------------------------------------------------------------
[2022-08-11 21:18:56,486] {taskinstance.py:1259} INFO - Executing <Task(BigQueryCreateExternalTableOperator): bigquery_external_table_task> on 2022-08-10 00:00:00+00:00
[2022-08-11 21:18:56,500] {standard_task_runner.py:52} INFO - Started process 1707 to run task
[2022-08-11 21:18:56,509] {standard_task_runner.py:76} INFO - Running: ['***', 'tasks', 'run', 'data_ingestion_gcs_dag', 'bigquery_external_table_task', 'scheduled__2022-08-10T00:00:00+00:00', '--job-id', '114', '--raw', '--subdir', 'DAGS_FOLDER/data_gpc.py', '--cfg-path', '/tmp/tmpywpkm4bs', '--error-file', '/tmp/tmp2vwdb8l_']
[2022-08-11 21:18:56,512] {standard_task_runner.py:77} INFO - Job 114: Subtask bigquery_external_table_task
[2022-08-11 21:18:56,657] {logging_mixin.py:109} INFO - Running <TaskInstance: data_ingestion_gcs_dag.bigquery_external_table_task scheduled__2022-08-10T00:00:00+00:00 [running]> on host 56d1ec0a6f2c
[2022-08-11 21:18:56,820] {taskinstance.py:1426} INFO - Exporting the following env vars:
AIRFLOW_CTX_DAG_OWNER=***
AIRFLOW_CTX_DAG_ID=data_ingestion_gcs_dag
AIRFLOW_CTX_TASK_ID=bigquery_external_table_task
AIRFLOW_CTX_EXECUTION_DATE=2022-08-10T00:00:00+00:00
AIRFLOW_CTX_DAG_RUN_ID=scheduled__2022-08-10T00:00:00+00:00
[2022-08-11 21:18:56,827] {crypto.py:82} WARNING - empty cryptography key - values will not be stored encrypted.
[2022-08-11 21:18:57,971] {taskinstance.py:1277} INFO - Marking task as SUCCESS. dag_id=data_ingestion_gcs_dag, task_id=bigquery_external_table_task, execution_date=20220810T000000, start_date=20220811T211856, end_date=20220811T211857
[2022-08-11 21:18:58,036] {local_task_job.py:154} INFO - Task exited with return code 0
[2022-08-11 21:18:58,138] {local_task_job.py:264} INFO - 0 downstream tasks scheduled from follow-on schedule check
