[2022-08-11 17:07:32,541] {taskinstance.py:1032} INFO - Dependencies all met for <TaskInstance: LocalIngestionDag.wget scheduled__2022-05-02T06:00:00+00:00 [queued]>
[2022-08-11 17:07:32,592] {taskinstance.py:1032} INFO - Dependencies all met for <TaskInstance: LocalIngestionDag.wget scheduled__2022-05-02T06:00:00+00:00 [queued]>
[2022-08-11 17:07:32,594] {taskinstance.py:1238} INFO - 
--------------------------------------------------------------------------------
[2022-08-11 17:07:32,595] {taskinstance.py:1239} INFO - Starting attempt 3 of 3
[2022-08-11 17:07:32,596] {taskinstance.py:1240} INFO - 
--------------------------------------------------------------------------------
[2022-08-11 17:07:32,641] {taskinstance.py:1259} INFO - Executing <Task(BashOperator): wget> on 2022-05-02 06:00:00+00:00
[2022-08-11 17:07:32,650] {standard_task_runner.py:52} INFO - Started process 5147 to run task
[2022-08-11 17:07:32,660] {standard_task_runner.py:76} INFO - Running: ['***', 'tasks', 'run', 'LocalIngestionDag', 'wget', 'scheduled__2022-05-02T06:00:00+00:00', '--job-id', '40', '--raw', '--subdir', 'DAGS_FOLDER/data_ingestion_local.py', '--cfg-path', '/tmp/tmpys_2m_y6', '--error-file', '/tmp/tmp72x099ey']
[2022-08-11 17:07:32,663] {standard_task_runner.py:77} INFO - Job 40: Subtask wget
[2022-08-11 17:07:32,869] {logging_mixin.py:109} INFO - Running <TaskInstance: LocalIngestionDag.wget scheduled__2022-05-02T06:00:00+00:00 [running]> on host cdc85d7e6248
[2022-08-11 17:07:33,074] {logging_mixin.py:109} WARNING - /home/***/.local/lib/python3.7/site-packages/***/utils/context.py:152 AirflowContextDeprecationWarning: Accessing 'execution_date' from the template is deprecated and will be removed in a future version. Please use 'data_interval_start' or 'logical_date' instead.
[2022-08-11 17:07:33,112] {taskinstance.py:1426} INFO - Exporting the following env vars:
AIRFLOW_CTX_DAG_OWNER=***
AIRFLOW_CTX_DAG_ID=LocalIngestionDag
AIRFLOW_CTX_TASK_ID=wget
AIRFLOW_CTX_EXECUTION_DATE=2022-05-02T06:00:00+00:00
AIRFLOW_CTX_DAG_RUN_ID=scheduled__2022-05-02T06:00:00+00:00
[2022-08-11 17:07:33,117] {subprocess.py:62} INFO - Tmp dir root location: 
 /tmp
[2022-08-11 17:07:33,120] {subprocess.py:74} INFO - Running command: ['bash', '-c', 'curl -sSL https://github.com/DataTalksClub/nyc-tlc-data/releases/download/yellow/yellow_tripdata_2022-05.csv.gz > /opt/***/output_2022-05.csv.gz']
[2022-08-11 17:07:33,132] {subprocess.py:85} INFO - Output:
[2022-08-11 17:07:33,708] {subprocess.py:93} INFO - Command exited with return code 0
[2022-08-11 17:07:33,769] {taskinstance.py:1277} INFO - Marking task as SUCCESS. dag_id=LocalIngestionDag, task_id=wget, execution_date=20220502T060000, start_date=20220811T170732, end_date=20220811T170733
[2022-08-11 17:07:33,840] {local_task_job.py:154} INFO - Task exited with return code 0
[2022-08-11 17:07:33,952] {local_task_job.py:264} INFO - 1 downstream tasks scheduled from follow-on schedule check
