[2022-08-11 17:07:57,421] {taskinstance.py:1032} INFO - Dependencies all met for <TaskInstance: LocalIngestionDag.wget scheduled__2022-05-02T06:00:00+00:00 [queued]>
[2022-08-11 17:07:57,466] {taskinstance.py:1032} INFO - Dependencies all met for <TaskInstance: LocalIngestionDag.wget scheduled__2022-05-02T06:00:00+00:00 [queued]>
[2022-08-11 17:07:57,468] {taskinstance.py:1238} INFO - 
--------------------------------------------------------------------------------
[2022-08-11 17:07:57,470] {taskinstance.py:1239} INFO - Starting attempt 4 of 4
[2022-08-11 17:07:57,472] {taskinstance.py:1240} INFO - 
--------------------------------------------------------------------------------
[2022-08-11 17:07:57,520] {taskinstance.py:1259} INFO - Executing <Task(BashOperator): wget> on 2022-05-02 06:00:00+00:00
[2022-08-11 17:07:57,527] {standard_task_runner.py:52} INFO - Started process 5195 to run task
[2022-08-11 17:07:57,536] {standard_task_runner.py:76} INFO - Running: ['***', 'tasks', 'run', 'LocalIngestionDag', 'wget', 'scheduled__2022-05-02T06:00:00+00:00', '--job-id', '42', '--raw', '--subdir', 'DAGS_FOLDER/data_ingestion_local.py', '--cfg-path', '/tmp/tmpzvj4sfuo', '--error-file', '/tmp/tmp2617w33o']
[2022-08-11 17:07:57,539] {standard_task_runner.py:77} INFO - Job 42: Subtask wget
[2022-08-11 17:07:57,711] {logging_mixin.py:109} INFO - Running <TaskInstance: LocalIngestionDag.wget scheduled__2022-05-02T06:00:00+00:00 [running]> on host cdc85d7e6248
[2022-08-11 17:07:57,936] {logging_mixin.py:109} WARNING - /home/***/.local/lib/python3.7/site-packages/***/utils/context.py:152 AirflowContextDeprecationWarning: Accessing 'execution_date' from the template is deprecated and will be removed in a future version. Please use 'data_interval_start' or 'logical_date' instead.
[2022-08-11 17:07:57,990] {taskinstance.py:1426} INFO - Exporting the following env vars:
AIRFLOW_CTX_DAG_OWNER=***
AIRFLOW_CTX_DAG_ID=LocalIngestionDag
AIRFLOW_CTX_TASK_ID=wget
AIRFLOW_CTX_EXECUTION_DATE=2022-05-02T06:00:00+00:00
AIRFLOW_CTX_DAG_RUN_ID=scheduled__2022-05-02T06:00:00+00:00
[2022-08-11 17:07:57,995] {subprocess.py:62} INFO - Tmp dir root location: 
 /tmp
[2022-08-11 17:07:57,999] {subprocess.py:74} INFO - Running command: ['bash', '-c', 'curl -sSL https://github.com/DataTalksClub/nyc-tlc-data/releases/download/yellow/yellow_tripdata_2022-05.csv.gz > /opt/***/output_2022-05.csv.gz']
[2022-08-11 17:07:58,030] {subprocess.py:85} INFO - Output:
[2022-08-11 17:07:58,591] {subprocess.py:93} INFO - Command exited with return code 0
[2022-08-11 17:07:58,651] {taskinstance.py:1277} INFO - Marking task as SUCCESS. dag_id=LocalIngestionDag, task_id=wget, execution_date=20220502T060000, start_date=20220811T170757, end_date=20220811T170758
[2022-08-11 17:07:58,735] {local_task_job.py:154} INFO - Task exited with return code 0
[2022-08-11 17:07:58,857] {local_task_job.py:264} INFO - 1 downstream tasks scheduled from follow-on schedule check
