[2022-08-10 22:02:34,757] {taskinstance.py:1032} INFO - Dependencies all met for <TaskInstance: LocalIngestionDag.ingest scheduled__2022-04-02T06:00:00+00:00 [queued]>
[2022-08-10 22:02:34,941] {taskinstance.py:1032} INFO - Dependencies all met for <TaskInstance: LocalIngestionDag.ingest scheduled__2022-04-02T06:00:00+00:00 [queued]>
[2022-08-10 22:02:34,944] {taskinstance.py:1238} INFO - 
--------------------------------------------------------------------------------
[2022-08-10 22:02:34,945] {taskinstance.py:1239} INFO - Starting attempt 1 of 1
[2022-08-10 22:02:34,947] {taskinstance.py:1240} INFO - 
--------------------------------------------------------------------------------
[2022-08-10 22:02:35,093] {taskinstance.py:1259} INFO - Executing <Task(BashOperator): ingest> on 2022-04-02 06:00:00+00:00
[2022-08-10 22:02:35,100] {standard_task_runner.py:52} INFO - Started process 521 to run task
[2022-08-10 22:02:35,128] {standard_task_runner.py:76} INFO - Running: ['***', 'tasks', 'run', 'LocalIngestionDag', 'ingest', 'scheduled__2022-04-02T06:00:00+00:00', '--job-id', '16', '--raw', '--subdir', 'DAGS_FOLDER/data_ingestion_local.py', '--cfg-path', '/tmp/tmpbjju93y3', '--error-file', '/tmp/tmpvte5tdur']
[2022-08-10 22:02:35,131] {standard_task_runner.py:77} INFO - Job 16: Subtask ingest
[2022-08-10 22:02:35,457] {logging_mixin.py:109} INFO - Running <TaskInstance: LocalIngestionDag.ingest scheduled__2022-04-02T06:00:00+00:00 [running]> on host 2e27409292ca
[2022-08-10 22:02:35,889] {taskinstance.py:1426} INFO - Exporting the following env vars:
AIRFLOW_CTX_DAG_OWNER=***
AIRFLOW_CTX_DAG_ID=LocalIngestionDag
AIRFLOW_CTX_TASK_ID=ingest
AIRFLOW_CTX_EXECUTION_DATE=2022-04-02T06:00:00+00:00
AIRFLOW_CTX_DAG_RUN_ID=scheduled__2022-04-02T06:00:00+00:00
[2022-08-10 22:02:35,902] {subprocess.py:62} INFO - Tmp dir root location: 
 /tmp
[2022-08-10 22:02:35,916] {subprocess.py:74} INFO - Running command: ['bash', '-c', 'echo hello world']
[2022-08-10 22:02:35,951] {subprocess.py:85} INFO - Output:
[2022-08-10 22:02:36,061] {subprocess.py:89} INFO - hello world
[2022-08-10 22:02:36,067] {subprocess.py:93} INFO - Command exited with return code 0
[2022-08-10 22:02:36,276] {taskinstance.py:1277} INFO - Marking task as SUCCESS. dag_id=LocalIngestionDag, task_id=ingest, execution_date=20220402T060000, start_date=20220810T220234, end_date=20220810T220236
[2022-08-10 22:02:36,375] {local_task_job.py:154} INFO - Task exited with return code 0
[2022-08-10 22:02:36,527] {local_task_job.py:264} INFO - 0 downstream tasks scheduled from follow-on schedule check
