[2022-08-10 22:02:37,199] {taskinstance.py:1032} INFO - Dependencies all met for <TaskInstance: LocalIngestionDag.ingest scheduled__2022-07-02T06:00:00+00:00 [queued]>
[2022-08-10 22:02:37,244] {taskinstance.py:1032} INFO - Dependencies all met for <TaskInstance: LocalIngestionDag.ingest scheduled__2022-07-02T06:00:00+00:00 [queued]>
[2022-08-10 22:02:37,246] {taskinstance.py:1238} INFO - 
--------------------------------------------------------------------------------
[2022-08-10 22:02:37,247] {taskinstance.py:1239} INFO - Starting attempt 1 of 1
[2022-08-10 22:02:37,249] {taskinstance.py:1240} INFO - 
--------------------------------------------------------------------------------
[2022-08-10 22:02:37,304] {taskinstance.py:1259} INFO - Executing <Task(BashOperator): ingest> on 2022-07-02 06:00:00+00:00
[2022-08-10 22:02:37,310] {standard_task_runner.py:52} INFO - Started process 546 to run task
[2022-08-10 22:02:37,319] {standard_task_runner.py:76} INFO - Running: ['***', 'tasks', 'run', 'LocalIngestionDag', 'ingest', 'scheduled__2022-07-02T06:00:00+00:00', '--job-id', '19', '--raw', '--subdir', 'DAGS_FOLDER/data_ingestion_local.py', '--cfg-path', '/tmp/tmp_gkhigk4', '--error-file', '/tmp/tmp5ql09ua0']
[2022-08-10 22:02:37,326] {standard_task_runner.py:77} INFO - Job 19: Subtask ingest
[2022-08-10 22:02:37,505] {logging_mixin.py:109} INFO - Running <TaskInstance: LocalIngestionDag.ingest scheduled__2022-07-02T06:00:00+00:00 [running]> on host 2e27409292ca
[2022-08-10 22:02:37,679] {taskinstance.py:1426} INFO - Exporting the following env vars:
AIRFLOW_CTX_DAG_OWNER=***
AIRFLOW_CTX_DAG_ID=LocalIngestionDag
AIRFLOW_CTX_TASK_ID=ingest
AIRFLOW_CTX_EXECUTION_DATE=2022-07-02T06:00:00+00:00
AIRFLOW_CTX_DAG_RUN_ID=scheduled__2022-07-02T06:00:00+00:00
[2022-08-10 22:02:37,683] {subprocess.py:62} INFO - Tmp dir root location: 
 /tmp
[2022-08-10 22:02:37,685] {subprocess.py:74} INFO - Running command: ['bash', '-c', 'echo hello world']
[2022-08-10 22:02:37,697] {subprocess.py:85} INFO - Output:
[2022-08-10 22:02:37,737] {subprocess.py:89} INFO - hello world
[2022-08-10 22:02:37,741] {subprocess.py:93} INFO - Command exited with return code 0
[2022-08-10 22:02:37,803] {taskinstance.py:1277} INFO - Marking task as SUCCESS. dag_id=LocalIngestionDag, task_id=ingest, execution_date=20220702T060000, start_date=20220810T220237, end_date=20220810T220237
[2022-08-10 22:02:37,852] {local_task_job.py:154} INFO - Task exited with return code 0
[2022-08-10 22:02:37,925] {local_task_job.py:264} INFO - 0 downstream tasks scheduled from follow-on schedule check
