[2022-08-11 18:55:18,127] {taskinstance.py:1032} INFO - Dependencies all met for <TaskInstance: LocalIngestionDag.gzip scheduled__2022-05-02T06:00:00+00:00 [queued]>
[2022-08-11 18:55:18,168] {taskinstance.py:1032} INFO - Dependencies all met for <TaskInstance: LocalIngestionDag.gzip scheduled__2022-05-02T06:00:00+00:00 [queued]>
[2022-08-11 18:55:18,170] {taskinstance.py:1238} INFO - 
--------------------------------------------------------------------------------
[2022-08-11 18:55:18,172] {taskinstance.py:1239} INFO - Starting attempt 6 of 6
[2022-08-11 18:55:18,173] {taskinstance.py:1240} INFO - 
--------------------------------------------------------------------------------
[2022-08-11 18:55:18,211] {taskinstance.py:1259} INFO - Executing <Task(BashOperator): gzip> on 2022-05-02 06:00:00+00:00
[2022-08-11 18:55:18,230] {standard_task_runner.py:52} INFO - Started process 2859 to run task
[2022-08-11 18:55:18,243] {standard_task_runner.py:76} INFO - Running: ['***', 'tasks', 'run', 'LocalIngestionDag', 'gzip', 'scheduled__2022-05-02T06:00:00+00:00', '--job-id', '72', '--raw', '--subdir', 'DAGS_FOLDER/data_ingestion_local.py', '--cfg-path', '/tmp/tmp8rtkqubm', '--error-file', '/tmp/tmp2fgixoyo']
[2022-08-11 18:55:18,248] {standard_task_runner.py:77} INFO - Job 72: Subtask gzip
[2022-08-11 18:55:18,424] {logging_mixin.py:109} INFO - Running <TaskInstance: LocalIngestionDag.gzip scheduled__2022-05-02T06:00:00+00:00 [running]> on host 3b421e1efda7
[2022-08-11 18:55:18,628] {logging_mixin.py:109} WARNING - /home/***/.local/lib/python3.7/site-packages/***/utils/context.py:152 AirflowContextDeprecationWarning: Accessing 'execution_date' from the template is deprecated and will be removed in a future version. Please use 'data_interval_start' or 'logical_date' instead.
[2022-08-11 18:55:18,670] {taskinstance.py:1426} INFO - Exporting the following env vars:
AIRFLOW_CTX_DAG_OWNER=***
AIRFLOW_CTX_DAG_ID=LocalIngestionDag
AIRFLOW_CTX_TASK_ID=gzip
AIRFLOW_CTX_EXECUTION_DATE=2022-05-02T06:00:00+00:00
AIRFLOW_CTX_DAG_RUN_ID=scheduled__2022-05-02T06:00:00+00:00
[2022-08-11 18:55:18,675] {subprocess.py:62} INFO - Tmp dir root location: 
 /tmp
[2022-08-11 18:55:18,679] {subprocess.py:74} INFO - Running command: ['bash', '-c', 'gunzip /opt/***/output_2021-05.csv.gz']
[2022-08-11 18:55:18,716] {subprocess.py:85} INFO - Output:
[2022-08-11 18:55:21,705] {subprocess.py:93} INFO - Command exited with return code 0
[2022-08-11 18:55:21,819] {taskinstance.py:1277} INFO - Marking task as SUCCESS. dag_id=LocalIngestionDag, task_id=gzip, execution_date=20220502T060000, start_date=20220811T185518, end_date=20220811T185521
[2022-08-11 18:55:21,939] {local_task_job.py:154} INFO - Task exited with return code 0
[2022-08-11 18:55:22,047] {local_task_job.py:264} INFO - 1 downstream tasks scheduled from follow-on schedule check
